<?xml version="1.0" encoding="UTF-8"?>
<testsuite xmlns:xsi="http://www.w3.org/2001/XMLSchema-instance" xsi:schemaLocation="https://maven.apache.org/surefire/maven-surefire-plugin/xsd/surefire-test-report.xsd" name="TestSuite" time="57.588" tests="26" errors="0" skipped="9" failures="9">
  <properties>
    <property name="idea.version" value="2022.2"/>
    <property name="java.runtime.name" value="Java(TM) SE Runtime Environment"/>
    <property name="java.vm.version" value="17.0.4+11-LTS-179"/>
    <property name="sun.boot.library.path" value="/Library/Java/JavaVirtualMachines/jdk-17.0.4.jdk/Contents/Home/lib"/>
    <property name="maven.multiModuleProjectDirectory" value="/Users/reliancehealth/Downloads/Rest_Test"/>
    <property name="java.vm.vendor" value="Oracle Corporation"/>
    <property name="java.vendor.url" value="https://java.oracle.com/"/>
    <property name="guice.disable.misplaced.annotation.check" value="true"/>
    <property name="path.separator" value=":"/>
    <property name="java.vm.name" value="Java HotSpot(TM) 64-Bit Server VM"/>
    <property name="user.country" value="US"/>
    <property name="sun.java.launcher" value="SUN_STANDARD"/>
    <property name="java.vm.specification.name" value="Java Virtual Machine Specification"/>
    <property name="user.dir" value="/Users/reliancehealth/Downloads/Rest_Test"/>
    <property name="java.vm.compressedOopsMode" value="Zero based"/>
    <property name="java.runtime.version" value="17.0.4+11-LTS-179"/>
    <property name="os.arch" value="aarch64"/>
    <property name="java.io.tmpdir" value="/var/folders/vv/xj7s3tys3w7fm7s7s7w0095h0000gn/T/"/>
    <property name="line.separator" value="&#10;"/>
    <property name="java.vm.specification.vendor" value="Oracle Corporation"/>
    <property name="os.name" value="Mac OS X"/>
    <property name="maven.ext.class.path" value="/Applications/IntelliJ IDEA CE.app/Contents/plugins/maven/lib/maven-event-listener.jar"/>
    <property name="classworlds.conf" value="/Applications/IntelliJ IDEA CE.app/Contents/plugins/maven/lib/maven3/bin/m2.conf"/>
    <property name="sun.jnu.encoding" value="UTF-8"/>
    <property name="java.library.path" value="/Users/reliancehealth/Library/Java/Extensions:/Library/Java/Extensions:/Network/Library/Java/Extensions:/System/Library/Java/Extensions:/usr/lib/java:."/>
    <property name="maven.conf" value="/Applications/IntelliJ IDEA CE.app/Contents/plugins/maven/lib/maven3/conf"/>
    <property name="jdk.debug" value="release"/>
    <property name="java.class.version" value="61.0"/>
    <property name="java.specification.name" value="Java Platform API Specification"/>
    <property name="sun.management.compiler" value="HotSpot 64-Bit Tiered Compilers"/>
    <property name="os.version" value="12.4"/>
    <property name="http.nonProxyHosts" value="local|*.local|169.254/16|*.169.254/16"/>
    <property name="user.home" value="/Users/reliancehealth"/>
    <property name="user.timezone" value="Africa/Lagos"/>
    <property name="file.encoding" value="UTF-8"/>
    <property name="java.specification.version" value="17"/>
    <property name="user.name" value="reliancehealth"/>
    <property name="java.class.path" value="/Applications/IntelliJ IDEA CE.app/Contents/plugins/maven/lib/maven3/boot/plexus-classworlds.license:/Applications/IntelliJ IDEA CE.app/Contents/plugins/maven/lib/maven3/boot/plexus-classworlds-2.6.0.jar"/>
    <property name="java.vm.specification.version" value="17"/>
    <property name="sun.arch.data.model" value="64"/>
    <property name="sun.java.command" value="org.codehaus.classworlds.Launcher -Didea.version=2022.2 install"/>
    <property name="java.home" value="/Library/Java/JavaVirtualMachines/jdk-17.0.4.jdk/Contents/Home"/>
    <property name="user.language" value="en"/>
    <property name="java.specification.vendor" value="Oracle Corporation"/>
    <property name="java.vm.info" value="mixed mode, sharing"/>
    <property name="java.version" value="17.0.4"/>
    <property name="native.encoding" value="UTF-8"/>
    <property name="java.vendor" value="Oracle Corporation"/>
    <property name="maven.home" value="/Applications/IntelliJ IDEA CE.app/Contents/plugins/maven/lib/maven3"/>
    <property name="file.separator" value="/"/>
    <property name="java.version.date" value="2022-07-19"/>
    <property name="java.vendor.url.bug" value="https://bugreport.java.com/bugreport/"/>
    <property name="sun.io.unicode.encoding" value="UnicodeBig"/>
    <property name="sun.cpu.endian" value="little"/>
    <property name="socksNonProxyHosts" value="local|*.local|169.254/16|*.169.254/16"/>
    <property name="ftp.nonProxyHosts" value="local|*.local|169.254/16|*.169.254/16"/>
  </properties>
  <testcase name="Add_New_SMS_Template_201" classname="Notifiction_MS.Add_SMS_Template" time="2.723"/>
  <testcase name="Add_New_SMS_Template_409" classname="Notifiction_MS.Add_SMS_Template" time="1.849"/>
  <testcase name="Add_New_SMS_Template_without_Content" classname="Notifiction_MS.Add_SMS_Template" time="1.805"/>
  <testcase name="Add_New_SMS_Template_without_Name" classname="Notifiction_MS.Add_SMS_Template" time="1.839"/>
  <testcase name="Add_New_SMS_Template_Invalid_Authorization" classname="Notifiction_MS.Add_SMS_Template" time="0">
    <skipped message="1 expectation failed.&#10;Expected content-type &quot;JSON&quot; doesn&apos;t match actual content-type &quot;text/plain&quot;.&#10;"/>
    <system-out><![CDATA[**************************************** Add_New_SMS_Template_Invalid_Authorization Started  ************************************** 
Request method:	POST
Request URI:	https://staging.daara-services.reliancehmo.com/notificationservice/api/basic-templates
Proxy:			<none>
Request params:	<none>
Query params:	<none>
Form params:	<none>
Path params:	<none>
Headers:		token=Bad Token
				Accept=*/*
				Content-Type=application/json
Cookies:		<none>
Multiparts:		<none>
Body:
{
    "content": "Ken Torp MD"
}
Request method:	POST
Request URI:	https://staging.daara-services.reliancehmo.com/notificationservice/api/basic-templates
Proxy:			<none>
Request params:	<none>
Query params:	<none>
Form params:	<none>
Path params:	<none>
Headers:		token=Bad Token
				Accept=*/*
				Content-Type=application/json
Cookies:		<none>
Multiparts:		<none>
Body:
{
    "content": "Ken Torp MD"
}
HTTP/1.1 403 Forbidden
content-length: 19
content-type: text/plain
date: Sat, 06 Aug 2022 08:28:55 GMT
server: istio-envoy
x-envoy-upstream-service-time: 2

RBAC: access denied
***************************Skipped********************* Add_New_SMS_Template_Invalid_Authorization  Sat Aug 06 09:28:56 WAT 2022 ********Skipped************ 


]]></system-out>
  </testcase>
  <testcase name="Add_New_SMS_Template_Invalid_Authorization" classname="Notifiction_MS.Add_SMS_Template" time="0.8">
    <failure message="1 expectation failed.&#10;Expected content-type &quot;JSON&quot; doesn&apos;t match actual content-type &quot;text/plain&quot;.&#10;" type="java.lang.AssertionError">java.lang.AssertionError: 
1 expectation failed.
Expected content-type "JSON" doesn't match actual content-type "text/plain".

	at Notifiction_MS.Add_SMS_Template.Add_New_SMS_Template_Invalid_Authorization(Add_SMS_Template.java:79)
</failure>
    <system-out><![CDATA[**************************************** Add_New_SMS_Template_Invalid_Authorization Started  ************************************** 
Request method:	POST
Request URI:	https://staging.daara-services.reliancehmo.com/notificationservice/api/basic-templates
Proxy:			<none>
Request params:	<none>
Query params:	<none>
Form params:	<none>
Path params:	<none>
Headers:		token=Bad Token
				Accept=*/*
				Content-Type=application/json
Cookies:		<none>
Multiparts:		<none>
Body:
{
    "content": "Ken Torp MD"
}
Request method:	POST
Request URI:	https://staging.daara-services.reliancehmo.com/notificationservice/api/basic-templates
Proxy:			<none>
Request params:	<none>
Query params:	<none>
Form params:	<none>
Path params:	<none>
Headers:		token=Bad Token
				Accept=*/*
				Content-Type=application/json
Cookies:		<none>
Multiparts:		<none>
Body:
{
    "content": "Ken Torp MD"
}
HTTP/1.1 403 Forbidden
content-length: 19
content-type: text/plain
date: Sat, 06 Aug 2022 08:28:56 GMT
server: istio-envoy
x-envoy-upstream-service-time: 4

RBAC: access denied
**********Failed********************* Add_New_SMS_Template_Invalid_Authorization  Sat Aug 06 09:28:57 WAT 2022 **********Failed************* 
 

]]></system-out>
  </testcase>
  <testcase name="Get_All_SMS_Template" classname="Notifiction_MS.Get_all_SMS_Template" time="1.835"/>
  <testcase name="Get_All_SMS_Template_Invalid_Authorization" classname="Notifiction_MS.Get_all_SMS_Template" time="0">
    <skipped message="1 expectation failed.&#10;Expected content-type &quot;JSON&quot; doesn&apos;t match actual content-type &quot;text/plain&quot;.&#10;"/>
    <system-out><![CDATA[**************************************** Get_All_SMS_Template_Invalid_Authorization Started  ************************************** 
Request method:	GET
Request URI:	https://staging.daara-services.reliancehmo.com/notificationservice/api/basic-templates
Proxy:			<none>
Request params:	<none>
Query params:	<none>
Form params:	<none>
Path params:	<none>
Headers:		Accept=*/*
				Content-Type=application/json
Cookies:		<none>
Multiparts:		<none>
Body:			<none>
Request method:	GET
Request URI:	https://staging.daara-services.reliancehmo.com/notificationservice/api/basic-templates
Proxy:			<none>
Request params:	<none>
Query params:	<none>
Form params:	<none>
Path params:	<none>
Headers:		Accept=*/*
				Content-Type=application/json
Cookies:		<none>
Multiparts:		<none>
Body:			<none>
HTTP/1.1 403 Forbidden
content-length: 19
content-type: text/plain
date: Sat, 06 Aug 2022 08:29:00 GMT
server: istio-envoy
x-envoy-upstream-service-time: 2

RBAC: access denied
***************************Skipped********************* Get_All_SMS_Template_Invalid_Authorization  Sat Aug 06 09:29:00 WAT 2022 ********Skipped************ 


]]></system-out>
  </testcase>
  <testcase name="Get_All_SMS_Template_Invalid_Authorization" classname="Notifiction_MS.Get_all_SMS_Template" time="0.673">
    <failure message="1 expectation failed.&#10;Expected content-type &quot;JSON&quot; doesn&apos;t match actual content-type &quot;text/plain&quot;.&#10;" type="java.lang.AssertionError">java.lang.AssertionError: 
1 expectation failed.
Expected content-type "JSON" doesn't match actual content-type "text/plain".

	at Notifiction_MS.Get_all_SMS_Template.Get_All_SMS_Template_Invalid_Authorization(Get_all_SMS_Template.java:32)
</failure>
    <system-out><![CDATA[**************************************** Get_All_SMS_Template_Invalid_Authorization Started  ************************************** 
Request method:	GET
Request URI:	https://staging.daara-services.reliancehmo.com/notificationservice/api/basic-templates
Proxy:			<none>
Request params:	<none>
Query params:	<none>
Form params:	<none>
Path params:	<none>
Headers:		Accept=*/*
				Content-Type=application/json
Cookies:		<none>
Multiparts:		<none>
Body:			<none>
Request method:	GET
Request URI:	https://staging.daara-services.reliancehmo.com/notificationservice/api/basic-templates
Proxy:			<none>
Request params:	<none>
Query params:	<none>
Form params:	<none>
Path params:	<none>
Headers:		Accept=*/*
				Content-Type=application/json
Cookies:		<none>
Multiparts:		<none>
Body:			<none>
HTTP/1.1 403 Forbidden
content-length: 19
content-type: text/plain
date: Sat, 06 Aug 2022 08:29:01 GMT
server: istio-envoy
x-envoy-upstream-service-time: 2

RBAC: access denied
**********Failed********************* Get_All_SMS_Template_Invalid_Authorization  Sat Aug 06 09:29:02 WAT 2022 **********Failed************* 
 

]]></system-out>
  </testcase>
  <testcase name="Send_SMS_Template_Single_Number" classname="Notifiction_MS.Send_Static_SMS_Message" time="0">
    <skipped message="2 expectations failed.&#10;Expected status code &lt;200&gt; but was &lt;500&gt;.&#10;&#10;Expected status line &quot;HTTP/1.1 200 OK&quot; doesn&apos;t match actual status line &quot;HTTP/1.1 500 Internal Server Error&quot;.&#10;"/>
    <system-out><![CDATA[===== Invoked methods
    Get_all_SMS_Template.Get_All_SMS_Template()[pri:1, instance:Notifiction_MS.Get_all_SMS_Template@10f7f7de]
    Get_all_SMS_Template.Get_All_SMS_Template_Invalid_Authorization()[pri:2, instance:Notifiction_MS.Get_all_SMS_Template@10f7f7de]
=====
PASSED: Get_All_SMS_Template
FAILED: Get_All_SMS_Template_Invalid_Authorization
java.lang.AssertionError: 1 expectation failed.
Expected content-type "JSON" doesn't match actual content-type "text/plain".

	at java.base/jdk.internal.reflect.NativeConstructorAccessorImpl.newInstance0(Native Method)
	at java.base/jdk.internal.reflect.NativeConstructorAccessorImpl.newInstance(NativeConstructorAccessorImpl.java:77)
	at java.base/jdk.internal.reflect.DelegatingConstructorAccessorImpl.newInstance(DelegatingConstructorAccessorImpl.java:45)
	at java.base/java.lang.reflect.Constructor.newInstanceWithCaller(Constructor.java:499)
	at java.base/java.lang.reflect.Constructor.newInstance(Constructor.java:480)
	at org.codehaus.groovy.reflection.CachedConstructor.invoke(CachedConstructor.java:72)
	at org.codehaus.groovy.runtime.callsite.ConstructorSite$ConstructorSiteNoUnwrapNoCoerce.callConstructor(ConstructorSite.java:105)
	at org.codehaus.groovy.runtime.callsite.AbstractCallSite.callConstructor(AbstractCallSite.java:277)
	at io.restassured.internal.ResponseSpecificationImpl$HamcrestAssertionClosure.validate(ResponseSpecificationImpl.groovy:499)
	at io.restassured.internal.ResponseSpecificationImpl$HamcrestAssertionClosure$validate$1.call(Unknown Source)
	at io.restassured.internal.ResponseSpecificationImpl.validate(ResponseSpecificationImpl.groovy:93)
	at io.restassured.internal.ValidatableResponseOptionsImpl.spec(ValidatableResponseOptionsImpl.java:288)
	at io.restassured.internal.ValidatableResponseImpl.super$2$spec(ValidatableResponseImpl.groovy)
	at java.base/jdk.internal.reflect.NativeMethodAccessorImpl.invoke0(Native Method)
	at java.base/jdk.internal.reflect.NativeMethodAccessorImpl.invoke(NativeMethodAccessorImpl.java:77)
	at java.base/jdk.internal.reflect.DelegatingMethodAccessorImpl.invoke(DelegatingMethodAccessorImpl.java:43)
	at java.base/java.lang.reflect.Method.invoke(Method.java:568)
	at org.codehaus.groovy.reflection.CachedMethod.invoke(CachedMethod.java:107)
	at groovy.lang.MetaMethod.doMethodInvoke(MetaMethod.java:323)
	at groovy.lang.MetaClassImpl.invokeMethod(MetaClassImpl.java:1268)
	at org.codehaus.groovy.runtime.ScriptBytecodeAdapter.invokeMethodOnSuperN(ScriptBytecodeAdapter.java:144)
	at io.restassured.internal.ValidatableResponseImpl.spec(ValidatableResponseImpl.groovy:76)
	at io.restassured.internal.ValidatableResponseImpl.spec(ValidatableResponseImpl.groovy)
	at Notifiction_MS.Get_all_SMS_Template.Get_All_SMS_Template_Invalid_Authorization(Get_all_SMS_Template.java:32)
	at java.base/jdk.internal.reflect.NativeMethodAccessorImpl.invoke0(Native Method)
	at java.base/jdk.internal.reflect.NativeMethodAccessorImpl.invoke(NativeMethodAccessorImpl.java:77)
	at java.base/jdk.internal.reflect.DelegatingMethodAccessorImpl.invoke(DelegatingMethodAccessorImpl.java:43)
	at java.base/java.lang.reflect.Method.invoke(Method.java:568)
	at org.testng.internal.invokers.MethodInvocationHelper.invokeMethod(MethodInvocationHelper.java:135)
	at org.testng.internal.invokers.TestInvoker.invokeMethod(TestInvoker.java:673)
	at org.testng.internal.invokers.TestInvoker.retryFailed(TestInvoker.java:262)
	at org.testng.internal.invokers.MethodRunner.runInSequence(MethodRunner.java:62)
	at org.testng.internal.invokers.TestInvoker$MethodInvocationAgent.invoke(TestInvoker.java:945)
	at org.testng.internal.invokers.TestInvoker.invokeTestMethods(TestInvoker.java:193)
	at org.testng.internal.invokers.TestMethodWorker.invokeTestMethods(TestMethodWorker.java:146)
	at org.testng.internal.invokers.TestMethodWorker.run(TestMethodWorker.java:128)
	at java.base/java.util.ArrayList.forEach(ArrayList.java:1511)
	at org.testng.TestRunner.privateRun(TestRunner.java:808)
	at org.testng.TestRunner.run(TestRunner.java:603)
	at org.testng.SuiteRunner.runTest(SuiteRunner.java:429)
	at org.testng.SuiteRunner.runSequentially(SuiteRunner.java:423)
	at org.testng.SuiteRunner.privateRun(SuiteRunner.java:383)
	at org.testng.SuiteRunner.run(SuiteRunner.java:326)
	at org.testng.SuiteRunnerWorker.runSuite(SuiteRunnerWorker.java:52)
	at org.testng.SuiteRunnerWorker.run(SuiteRunnerWorker.java:95)
	at org.testng.TestNG.runSuitesSequentially(TestNG.java:1249)
	at org.testng.TestNG.runSuitesLocally(TestNG.java:1169)
	at org.testng.TestNG.runSuites(TestNG.java:1092)
	at org.testng.TestNG.run(TestNG.java:1060)
	at org.apache.maven.surefire.testng.TestNGExecutor.run(TestNGExecutor.java:281)
	at org.apache.maven.surefire.testng.TestNGXmlTestSuite.execute(TestNGXmlTestSuite.java:75)
	at org.apache.maven.surefire.testng.TestNGProvider.invoke(TestNGProvider.java:121)
	at org.apache.maven.surefire.booter.ForkedBooter.invokeProviderInSameClassLoader(ForkedBooter.java:290)
	at org.apache.maven.surefire.booter.ForkedBooter.runSuitesInProcess(ForkedBooter.java:242)
	at org.apache.maven.surefire.booter.ForkedBooter.main(ForkedBooter.java:121)

RETRIED: Get_All_SMS_Template_Invalid_Authorization
java.lang.AssertionError: 1 expectation failed.
Expected content-type "JSON" doesn't match actual content-type "text/plain".

	at java.base/jdk.internal.reflect.NativeConstructorAccessorImpl.newInstance0(Native Method)
	at java.base/jdk.internal.reflect.NativeConstructorAccessorImpl.newInstance(NativeConstructorAccessorImpl.java:77)
	at java.base/jdk.internal.reflect.DelegatingConstructorAccessorImpl.newInstance(DelegatingConstructorAccessorImpl.java:45)
	at java.base/java.lang.reflect.Constructor.newInstanceWithCaller(Constructor.java:499)
	at java.base/java.lang.reflect.Constructor.newInstance(Constructor.java:480)
	at org.codehaus.groovy.reflection.CachedConstructor.invoke(CachedConstructor.java:72)
	at org.codehaus.groovy.runtime.callsite.ConstructorSite$ConstructorSiteNoUnwrapNoCoerce.callConstructor(ConstructorSite.java:105)
	at org.codehaus.groovy.runtime.callsite.AbstractCallSite.callConstructor(AbstractCallSite.java:277)
	at io.restassured.internal.ResponseSpecificationImpl$HamcrestAssertionClosure.validate(ResponseSpecificationImpl.groovy:499)
	at io.restassured.internal.ResponseSpecificationImpl$HamcrestAssertionClosure$validate$1.call(Unknown Source)
	at io.restassured.internal.ResponseSpecificationImpl.validate(ResponseSpecificationImpl.groovy:93)
	at io.restassured.internal.ValidatableResponseOptionsImpl.spec(ValidatableResponseOptionsImpl.java:288)
	at io.restassured.internal.ValidatableResponseImpl.super$2$spec(ValidatableResponseImpl.groovy)
	at java.base/jdk.internal.reflect.NativeMethodAccessorImpl.invoke0(Native Method)
	at java.base/jdk.internal.reflect.NativeMethodAccessorImpl.invoke(NativeMethodAccessorImpl.java:77)
	at java.base/jdk.internal.reflect.DelegatingMethodAccessorImpl.invoke(DelegatingMethodAccessorImpl.java:43)
	at java.base/java.lang.reflect.Method.invoke(Method.java:568)
	at org.codehaus.groovy.reflection.CachedMethod.invoke(CachedMethod.java:107)
	at groovy.lang.MetaMethod.doMethodInvoke(MetaMethod.java:323)
	at groovy.lang.MetaClassImpl.invokeMethod(MetaClassImpl.java:1268)
	at org.codehaus.groovy.runtime.ScriptBytecodeAdapter.invokeMethodOnSuperN(ScriptBytecodeAdapter.java:144)
	at io.restassured.internal.ValidatableResponseImpl.spec(ValidatableResponseImpl.groovy:76)
	at io.restassured.internal.ValidatableResponseImpl.spec(ValidatableResponseImpl.groovy)
	at Notifiction_MS.Get_all_SMS_Template.Get_All_SMS_Template_Invalid_Authorization(Get_all_SMS_Template.java:32)
	at java.base/jdk.internal.reflect.NativeMethodAccessorImpl.invoke0(Native Method)
	at java.base/jdk.internal.reflect.NativeMethodAccessorImpl.invoke(NativeMethodAccessorImpl.java:77)
	at java.base/jdk.internal.reflect.DelegatingMethodAccessorImpl.invoke(DelegatingMethodAccessorImpl.java:43)
	at java.base/java.lang.reflect.Method.invoke(Method.java:568)
	at org.testng.internal.invokers.MethodInvocationHelper.invokeMethod(MethodInvocationHelper.java:135)
	at org.testng.internal.invokers.TestInvoker.invokeMethod(TestInvoker.java:673)
	at org.testng.internal.invokers.TestInvoker.invokeTestMethod(TestInvoker.java:220)
	at org.testng.internal.invokers.MethodRunner.runInSequence(MethodRunner.java:50)
	at org.testng.internal.invokers.TestInvoker$MethodInvocationAgent.invoke(TestInvoker.java:945)
	at org.testng.internal.invokers.TestInvoker.invokeTestMethods(TestInvoker.java:193)
	at org.testng.internal.invokers.TestMethodWorker.invokeTestMethods(TestMethodWorker.java:146)
	at org.testng.internal.invokers.TestMethodWorker.run(TestMethodWorker.java:128)
	at java.base/java.util.ArrayList.forEach(ArrayList.java:1511)
	at org.testng.TestRunner.privateRun(TestRunner.java:808)
	at org.testng.TestRunner.run(TestRunner.java:603)
	at org.testng.SuiteRunner.runTest(SuiteRunner.java:429)
	at org.testng.SuiteRunner.runSequentially(SuiteRunner.java:423)
	at org.testng.SuiteRunner.privateRun(SuiteRunner.java:383)
	at org.testng.SuiteRunner.run(SuiteRunner.java:326)
	at org.testng.SuiteRunnerWorker.runSuite(SuiteRunnerWorker.java:52)
	at org.testng.SuiteRunnerWorker.run(SuiteRunnerWorker.java:95)
	at org.testng.TestNG.runSuitesSequentially(TestNG.java:1249)
	at org.testng.TestNG.runSuitesLocally(TestNG.java:1169)
	at org.testng.TestNG.runSuites(TestNG.java:1092)
	at org.testng.TestNG.run(TestNG.java:1060)
	at org.apache.maven.surefire.testng.TestNGExecutor.run(TestNGExecutor.java:281)
	at org.apache.maven.surefire.testng.TestNGXmlTestSuite.execute(TestNGXmlTestSuite.java:75)
	at org.apache.maven.surefire.testng.TestNGProvider.invoke(TestNGProvider.java:121)
	at org.apache.maven.surefire.booter.ForkedBooter.invokeProviderInSameClassLoader(ForkedBooter.java:290)
	at org.apache.maven.surefire.booter.ForkedBooter.runSuitesInProcess(ForkedBooter.java:242)
	at org.apache.maven.surefire.booter.ForkedBooter.main(ForkedBooter.java:121)


===============================================
    Get All SMS Template
    Tests run: 2, Failures: 1, Skips: 0, Retries: 1
===============================================

**************************************** Send_SMS_Template_Single_Number Started  ************************************** 
Request method:	POST
Request URI:	https://staging.daara-services.reliancehmo.com/notificationservice/api/notifications
Proxy:			<none>
Request params:	<none>
Query params:	<none>
Form params:	<none>
Path params:	<none>
Headers:		Authorization=Bearer eyJhbGciOiJSUzI1NiIsInR5cCIgOiAiSldUIiwia2lkIiA6ICI4MnBod29Ra3VuenB6dVRHaXZyb3BNcEVJdF93VlNYQW12bkg5cFNuUWlZIn0.eyJleHAiOjE2NTk3NzgxNDMsImlhdCI6MTY1OTc3NDU0MywianRpIjoiYmNlODVmYWUtZDU4OC00Njk1LWI1ZjgtMTJlZjAxMGZiN2FjIiwiaXNzIjoiaHR0cDovL2tleWNsb2FrLnRvb2xzLnN2Yy5jbHVzdGVyLmxvY2FsL2F1dGgvcmVhbG1zL2RhYXJhIiwic3ViIjoiZDdjNDlkZmItYmJjYi00OGJmLWI2NjctNGUxYWU0ZTRiMmM4IiwidHlwIjoiQmVhcmVyIiwiYXpwIjoiamhpcHN0ZXIiLCJzZXNzaW9uX3N0YXRlIjoiYzcxYzQzNWQtYjBlOC00NzIwLThkOWMtNDQzOGUxZDUzODhmIiwiYWNyIjoiMSIsInJlc291cmNlX2FjY2VzcyI6eyJhY2NvdW50Ijp7InJvbGVzIjpbIm1hbmFnZS1hY2NvdW50IiwibWFuYWdlLWFjY291bnQtbGlua3MiLCJ2aWV3LXByb2ZpbGUiXX19LCJzY29wZSI6InBob25lIGVtYWlsIHByb2ZpbGUiLCJlbWFpbF92ZXJpZmllZCI6ZmFsc2UsIm5hbWUiOiJTdXBlciBBZG1pbiBBZG1pbiIsImdyb3VwcyI6WyJDTEFJTVNfQU5BTFlUSUNTX0FTU09DSUFURSIsIkNVU1RPTUVSX1NVQ0NFU1NfTEVBRCIsIk1BUktVUF9ST0xFIiwiT0xEX0FDQ09VTlRfT1dORVIiLCJPTERfQUZGSUxJQVRFIiwiT0xEX0FHRU5UIiwiT0xEX1BBUlRORVJTSElQX0FHRU5UIiwiT0xEX1BST1ZJREVSX01FRElDQUxfRElSRUNUT1IiLCJPTERfU1VQRVJfQURNSU4iLCJSRkNfQURNSU4iLCJTVVBFUl9BRE1JTiJdLCJwaG9uZV9udW1iZXIiOiI3NzI3NTAxODQiLCJjcmVhdGVkX3RpbWVzdGFtcCI6MTYzNDE0MTc2NDM1OCwicHJlZmVycmVkX3VzZXJuYW1lIjoic3VwZXIuYWRtaW5AcmVsaWFuY2VobW8uY29tIiwiZ2l2ZW5fbmFtZSI6IlN1cGVyIiwiZmFtaWx5X25hbWUiOiJBZG1pbiBBZG1pbiIsImVtYWlsIjoic3VwZXIuYWRtaW5AcmVsaWFuY2VobW8uY29tIn0.HEu_tgV3e3kYTELOdJnMGn2jTcvkdFp9W9PcRmRNQHL7OuLniWuPx5FffN6betxBqJvc-K5OMO5w3jFs7n5qnrm07sNIiqM9yXOuedZHkRaD-P78eJxuumKajOlLJkhbTr292Z7uzoV6NAd2WTx94boOYFxDLXA-hmBNgfkjfsd2jZ1oK8SYvqsbd6huFcrs0a0ajVdv-Xby9-OdKhtrDSU4THDhf4ZektVumVrZGK4HBSSsR6frXNwzykDVOVcOVDnlK31pWFysznHobM22NjLuGgXHTKpHI5U9rdAl9TJtHL9DYxP2vAXpi7x1xmd3W8-CanRU2IuDJzvJEk93HA
				Accept=*/*
				Content-Type=application/json
Cookies:		<none>
Multiparts:		<none>
Body:
{
    "media": "SMS",
    "messageContent": {
        "contentType": "STATIC",
        "messageBody": "Test SMS",
        "subject": "Test Static"
    },
    "recipients": [
        "2348106169259"
    ],
    "priority": "MEDIUM"
}
HTTP/1.1 500 Internal Server Error
content-encoding: gzip
expires: 0
cache-control: no-cache, no-store, max-age=0, must-revalidate
x-xss-protection: 1; mode=block
pragma: no-cache
x-frame-options: DENY
referrer-policy: strict-origin-when-cross-origin
content-security-policy: default-src 'self'; frame-src 'self' data:; script-src 'self' 'unsafe-inline' 'unsafe-eval' https://storage.googleapis.com; style-src 'self' 'unsafe-inline'; img-src 'self' data:; font-src 'self' data:
date: Sat, 06 Aug 2022 08:29:04 GMT
vary: Origin,Access-Control-Request-Method,Access-Control-Request-Headers
x-content-type-options: nosniff
strict-transport-security: max-age=31536000 ; includeSubDomains
feature-policy: geolocation 'none'; midi 'none'; sync-xhr 'none'; microphone 'none'; camera 'none'; magnetometer 'none'; gyroscope 'none'; fullscreen 'self'; payment 'none'
content-type: application/json
x-envoy-upstream-service-time: 137
server: istio-envoy
transfer-encoding: chunked

{
    "status": 500,
    "message": "{\"message\":\"Insufficient balance\"}",
    "data": null
}
***************************Skipped********************* Send_SMS_Template_Single_Number  Sat Aug 06 09:29:04 WAT 2022 ********Skipped************ 


]]></system-out>
  </testcase>
  <testcase name="Send_SMS_Template_Single_Number" classname="Notifiction_MS.Send_Static_SMS_Message" time="2.039">
    <failure message="2 expectations failed.&#10;Expected status code &lt;200&gt; but was &lt;500&gt;.&#10;&#10;Expected status line &quot;HTTP/1.1 200 OK&quot; doesn&apos;t match actual status line &quot;HTTP/1.1 500 Internal Server Error&quot;.&#10;" type="java.lang.AssertionError"><![CDATA[java.lang.AssertionError: 
2 expectations failed.
Expected status code <200> but was <500>.

Expected status line "HTTP/1.1 200 OK" doesn't match actual status line "HTTP/1.1 500 Internal Server Error".

	at Notifiction_MS.Send_Static_SMS_Message.Send_SMS_Template_Single_Number(Send_Static_SMS_Message.java:30)
]]></failure>
    <system-out><![CDATA[**************************************** Send_SMS_Template_Single_Number Started  ************************************** 
Request method:	POST
Request URI:	https://staging.daara-services.reliancehmo.com/notificationservice/api/notifications
Proxy:			<none>
Request params:	<none>
Query params:	<none>
Form params:	<none>
Path params:	<none>
Headers:		Authorization=Bearer eyJhbGciOiJSUzI1NiIsInR5cCIgOiAiSldUIiwia2lkIiA6ICI4MnBod29Ra3VuenB6dVRHaXZyb3BNcEVJdF93VlNYQW12bkg5cFNuUWlZIn0.eyJleHAiOjE2NTk3NzgxNDYsImlhdCI6MTY1OTc3NDU0NiwianRpIjoiNThkMmY1MTgtNTQ5MS00ZGFkLWFjNGYtNGVkNjI1ZThjZjUxIiwiaXNzIjoiaHR0cDovL2tleWNsb2FrLnRvb2xzLnN2Yy5jbHVzdGVyLmxvY2FsL2F1dGgvcmVhbG1zL2RhYXJhIiwic3ViIjoiZDdjNDlkZmItYmJjYi00OGJmLWI2NjctNGUxYWU0ZTRiMmM4IiwidHlwIjoiQmVhcmVyIiwiYXpwIjoiamhpcHN0ZXIiLCJzZXNzaW9uX3N0YXRlIjoiOGNkYjkwNDUtOTdiMC00MTdlLWJiYzctMGNlMDk0ZDc1MjQ2IiwiYWNyIjoiMSIsInJlc291cmNlX2FjY2VzcyI6eyJhY2NvdW50Ijp7InJvbGVzIjpbIm1hbmFnZS1hY2NvdW50IiwibWFuYWdlLWFjY291bnQtbGlua3MiLCJ2aWV3LXByb2ZpbGUiXX19LCJzY29wZSI6InBob25lIGVtYWlsIHByb2ZpbGUiLCJlbWFpbF92ZXJpZmllZCI6ZmFsc2UsIm5hbWUiOiJTdXBlciBBZG1pbiBBZG1pbiIsImdyb3VwcyI6WyJDTEFJTVNfQU5BTFlUSUNTX0FTU09DSUFURSIsIkNVU1RPTUVSX1NVQ0NFU1NfTEVBRCIsIk1BUktVUF9ST0xFIiwiT0xEX0FDQ09VTlRfT1dORVIiLCJPTERfQUZGSUxJQVRFIiwiT0xEX0FHRU5UIiwiT0xEX1BBUlRORVJTSElQX0FHRU5UIiwiT0xEX1BST1ZJREVSX01FRElDQUxfRElSRUNUT1IiLCJPTERfU1VQRVJfQURNSU4iLCJSRkNfQURNSU4iLCJTVVBFUl9BRE1JTiJdLCJwaG9uZV9udW1iZXIiOiI3NzI3NTAxODQiLCJjcmVhdGVkX3RpbWVzdGFtcCI6MTYzNDE0MTc2NDM1OCwicHJlZmVycmVkX3VzZXJuYW1lIjoic3VwZXIuYWRtaW5AcmVsaWFuY2VobW8uY29tIiwiZ2l2ZW5fbmFtZSI6IlN1cGVyIiwiZmFtaWx5X25hbWUiOiJBZG1pbiBBZG1pbiIsImVtYWlsIjoic3VwZXIuYWRtaW5AcmVsaWFuY2VobW8uY29tIn0.WzJQnSV1OEk5QJ5tMIUW898P7AeAGpDrSQSo4xrpGYvpnODh-ObXbjrIEc9UPPMCrfU6gKCyZ_Hpt2a8huRE1u6MOgDw8bk7H1Cgl8odu9FsRq9YqpnkUnYysx117GX5kP-ctvejuDDIwS8Z3VtSEH99pj9eVjlp4cPrGH7rLROMAkxldxyZcPzdgM-tiIRe8mc7rh_Rw02syMfThW7kQ9rh5thvButVl1ACTYO7c3khUamSM9h8bax5YBHezzpWeY5URb7oTM5kN_XR8lmQuLR4mFMKLo6m4Jk63qCRGritbbTYC-np9a-rXREC5m2Dspv_k-u81UYLeKId9dltKA
				Accept=*/*
				Content-Type=application/json
Cookies:		<none>
Multiparts:		<none>
Body:
{
    "media": "SMS",
    "messageContent": {
        "contentType": "STATIC",
        "messageBody": "Test SMS",
        "subject": "Test Static"
    },
    "recipients": [
        "2348106169259"
    ],
    "priority": "MEDIUM"
}
HTTP/1.1 500 Internal Server Error
content-encoding: gzip
expires: 0
cache-control: no-cache, no-store, max-age=0, must-revalidate
x-xss-protection: 1; mode=block
pragma: no-cache
x-frame-options: DENY
referrer-policy: strict-origin-when-cross-origin
content-security-policy: default-src 'self'; frame-src 'self' data:; script-src 'self' 'unsafe-inline' 'unsafe-eval' https://storage.googleapis.com; style-src 'self' 'unsafe-inline'; img-src 'self' data:; font-src 'self' data:
date: Sat, 06 Aug 2022 08:29:07 GMT
vary: Origin,Access-Control-Request-Method,Access-Control-Request-Headers
x-content-type-options: nosniff
strict-transport-security: max-age=31536000 ; includeSubDomains
feature-policy: geolocation 'none'; midi 'none'; sync-xhr 'none'; microphone 'none'; camera 'none'; magnetometer 'none'; gyroscope 'none'; fullscreen 'self'; payment 'none'
content-type: application/json
x-envoy-upstream-service-time: 146
server: istio-envoy
transfer-encoding: chunked

{
    "status": 500,
    "message": "{\"message\":\"Insufficient balance\"}",
    "data": null
}
**********Failed********************* Send_SMS_Template_Single_Number  Sat Aug 06 09:29:07 WAT 2022 **********Failed************* 
 

]]></system-out>
  </testcase>
  <testcase name="Send_SMS_Template_Multiple_Numbers" classname="Notifiction_MS.Send_Static_SMS_Message" time="0">
    <skipped message="2 expectations failed.&#10;Expected status code &lt;200&gt; but was &lt;500&gt;.&#10;&#10;Expected status line &quot;HTTP/1.1 200 OK&quot; doesn&apos;t match actual status line &quot;HTTP/1.1 500 Internal Server Error&quot;.&#10;"/>
    <system-out><![CDATA[**************************************** Send_SMS_Template_Multiple_Numbers Started  ************************************** 
Request method:	POST
Request URI:	https://staging.daara-services.reliancehmo.com/notificationservice/api/notifications
Proxy:			<none>
Request params:	<none>
Query params:	<none>
Form params:	<none>
Path params:	<none>
Headers:		Authorization=Bearer eyJhbGciOiJSUzI1NiIsInR5cCIgOiAiSldUIiwia2lkIiA6ICI4MnBod29Ra3VuenB6dVRHaXZyb3BNcEVJdF93VlNYQW12bkg5cFNuUWlZIn0.eyJleHAiOjE2NTk3NzgxNDgsImlhdCI6MTY1OTc3NDU0OCwianRpIjoiYTliNmUxOTAtZDliMi00YmMyLThiNDYtMGI5Mzk0MTUyMjYyIiwiaXNzIjoiaHR0cDovL2tleWNsb2FrLnRvb2xzLnN2Yy5jbHVzdGVyLmxvY2FsL2F1dGgvcmVhbG1zL2RhYXJhIiwic3ViIjoiZDdjNDlkZmItYmJjYi00OGJmLWI2NjctNGUxYWU0ZTRiMmM4IiwidHlwIjoiQmVhcmVyIiwiYXpwIjoiamhpcHN0ZXIiLCJzZXNzaW9uX3N0YXRlIjoiZDE3Mzk0YjktMWJhZi00NjYzLThlYzItNDVjN2ZhNjEwMDgzIiwiYWNyIjoiMSIsInJlc291cmNlX2FjY2VzcyI6eyJhY2NvdW50Ijp7InJvbGVzIjpbIm1hbmFnZS1hY2NvdW50IiwibWFuYWdlLWFjY291bnQtbGlua3MiLCJ2aWV3LXByb2ZpbGUiXX19LCJzY29wZSI6InBob25lIGVtYWlsIHByb2ZpbGUiLCJlbWFpbF92ZXJpZmllZCI6ZmFsc2UsIm5hbWUiOiJTdXBlciBBZG1pbiBBZG1pbiIsImdyb3VwcyI6WyJDTEFJTVNfQU5BTFlUSUNTX0FTU09DSUFURSIsIkNVU1RPTUVSX1NVQ0NFU1NfTEVBRCIsIk1BUktVUF9ST0xFIiwiT0xEX0FDQ09VTlRfT1dORVIiLCJPTERfQUZGSUxJQVRFIiwiT0xEX0FHRU5UIiwiT0xEX1BBUlRORVJTSElQX0FHRU5UIiwiT0xEX1BST1ZJREVSX01FRElDQUxfRElSRUNUT1IiLCJPTERfU1VQRVJfQURNSU4iLCJSRkNfQURNSU4iLCJTVVBFUl9BRE1JTiJdLCJwaG9uZV9udW1iZXIiOiI3NzI3NTAxODQiLCJjcmVhdGVkX3RpbWVzdGFtcCI6MTYzNDE0MTc2NDM1OCwicHJlZmVycmVkX3VzZXJuYW1lIjoic3VwZXIuYWRtaW5AcmVsaWFuY2VobW8uY29tIiwiZ2l2ZW5fbmFtZSI6IlN1cGVyIiwiZmFtaWx5X25hbWUiOiJBZG1pbiBBZG1pbiIsImVtYWlsIjoic3VwZXIuYWRtaW5AcmVsaWFuY2VobW8uY29tIn0.blzTm4aMcLSYuLkWCDDSh07CscY1Hsy78gyZDAOws0XY0vHrj_IAAjEpxaklvL2MZvxu95JvtyyPhpvxL8ll6QIGLBDPMQW18G9ZHHdiWYG0rstXLwVaWCxgETh3uEhjBE9kPGw5WVitwqkkfpsNY2BMLZCHbZ9cLYVUIQIrOIc3LayypRpvhE4nGcuHsu97IuU_b-lRLAVNVgywAmgFVMsDYcswzx0GqkEU6iXJ74r_4PoFcWHxJVOe0qdMtpa8HA21h_9Dqoke_yNsOXkQbA3IRidR7mXSZqzCTs9IjFmv9C4smBfWTWflHYXSf4_7PfRuKUYaDjHdpa976fK1LQ
				Accept=*/*
				Content-Type=application/json
Cookies:		<none>
Multiparts:		<none>
Body:
{
    "media": "SMS",
    "messageContent": {
        "contentType": "STATIC",
        "messageBody": "Test SMS",
        "subject": "Test Static"
    },
    "recipients": [
        "2348023359742",
        "2348023359742"
    ],
    "priority": "MEDIUM"
}
HTTP/1.1 500 Internal Server Error
content-encoding: gzip
expires: 0
cache-control: no-cache, no-store, max-age=0, must-revalidate
x-xss-protection: 1; mode=block
pragma: no-cache
x-frame-options: DENY
referrer-policy: strict-origin-when-cross-origin
content-security-policy: default-src 'self'; frame-src 'self' data:; script-src 'self' 'unsafe-inline' 'unsafe-eval' https://storage.googleapis.com; style-src 'self' 'unsafe-inline'; img-src 'self' data:; font-src 'self' data:
date: Sat, 06 Aug 2022 08:29:09 GMT
vary: Origin,Access-Control-Request-Method,Access-Control-Request-Headers
x-content-type-options: nosniff
strict-transport-security: max-age=31536000 ; includeSubDomains
feature-policy: geolocation 'none'; midi 'none'; sync-xhr 'none'; microphone 'none'; camera 'none'; magnetometer 'none'; gyroscope 'none'; fullscreen 'self'; payment 'none'
content-type: application/json
x-envoy-upstream-service-time: 154
server: istio-envoy
transfer-encoding: chunked

{
    "status": 500,
    "message": "{\"message\":\"Insufficient balance\"}",
    "data": null
}
***************************Skipped********************* Send_SMS_Template_Multiple_Numbers  Sat Aug 06 09:29:09 WAT 2022 ********Skipped************ 


]]></system-out>
  </testcase>
  <testcase name="Send_SMS_Template_Multiple_Numbers" classname="Notifiction_MS.Send_Static_SMS_Message" time="1.958">
    <failure message="2 expectations failed.&#10;Expected status code &lt;200&gt; but was &lt;500&gt;.&#10;&#10;Expected status line &quot;HTTP/1.1 200 OK&quot; doesn&apos;t match actual status line &quot;HTTP/1.1 500 Internal Server Error&quot;.&#10;" type="java.lang.AssertionError"><![CDATA[java.lang.AssertionError: 
2 expectations failed.
Expected status code <200> but was <500>.

Expected status line "HTTP/1.1 200 OK" doesn't match actual status line "HTTP/1.1 500 Internal Server Error".

	at Notifiction_MS.Send_Static_SMS_Message.Send_SMS_Template_Multiple_Numbers(Send_Static_SMS_Message.java:50)
]]></failure>
    <system-out><![CDATA[**************************************** Send_SMS_Template_Multiple_Numbers Started  ************************************** 
Request method:	POST
Request URI:	https://staging.daara-services.reliancehmo.com/notificationservice/api/notifications
Proxy:			<none>
Request params:	<none>
Query params:	<none>
Form params:	<none>
Path params:	<none>
Headers:		Authorization=Bearer eyJhbGciOiJSUzI1NiIsInR5cCIgOiAiSldUIiwia2lkIiA6ICI4MnBod29Ra3VuenB6dVRHaXZyb3BNcEVJdF93VlNYQW12bkg5cFNuUWlZIn0.eyJleHAiOjE2NTk3NzgxNTEsImlhdCI6MTY1OTc3NDU1MSwianRpIjoiZWJjYjQyNTktYzYzYi00MDRiLTg1ZjMtNzAzN2I5YTZjZGQyIiwiaXNzIjoiaHR0cDovL2tleWNsb2FrLnRvb2xzLnN2Yy5jbHVzdGVyLmxvY2FsL2F1dGgvcmVhbG1zL2RhYXJhIiwic3ViIjoiZDdjNDlkZmItYmJjYi00OGJmLWI2NjctNGUxYWU0ZTRiMmM4IiwidHlwIjoiQmVhcmVyIiwiYXpwIjoiamhpcHN0ZXIiLCJzZXNzaW9uX3N0YXRlIjoiYzg0Yjc2NzctYzlmOS00ZTJlLTgyOTMtMWRiYjYyMjc0ODJhIiwiYWNyIjoiMSIsInJlc291cmNlX2FjY2VzcyI6eyJhY2NvdW50Ijp7InJvbGVzIjpbIm1hbmFnZS1hY2NvdW50IiwibWFuYWdlLWFjY291bnQtbGlua3MiLCJ2aWV3LXByb2ZpbGUiXX19LCJzY29wZSI6InBob25lIGVtYWlsIHByb2ZpbGUiLCJlbWFpbF92ZXJpZmllZCI6ZmFsc2UsIm5hbWUiOiJTdXBlciBBZG1pbiBBZG1pbiIsImdyb3VwcyI6WyJDTEFJTVNfQU5BTFlUSUNTX0FTU09DSUFURSIsIkNVU1RPTUVSX1NVQ0NFU1NfTEVBRCIsIk1BUktVUF9ST0xFIiwiT0xEX0FDQ09VTlRfT1dORVIiLCJPTERfQUZGSUxJQVRFIiwiT0xEX0FHRU5UIiwiT0xEX1BBUlRORVJTSElQX0FHRU5UIiwiT0xEX1BST1ZJREVSX01FRElDQUxfRElSRUNUT1IiLCJPTERfU1VQRVJfQURNSU4iLCJSRkNfQURNSU4iLCJTVVBFUl9BRE1JTiJdLCJwaG9uZV9udW1iZXIiOiI3NzI3NTAxODQiLCJjcmVhdGVkX3RpbWVzdGFtcCI6MTYzNDE0MTc2NDM1OCwicHJlZmVycmVkX3VzZXJuYW1lIjoic3VwZXIuYWRtaW5AcmVsaWFuY2VobW8uY29tIiwiZ2l2ZW5fbmFtZSI6IlN1cGVyIiwiZmFtaWx5X25hbWUiOiJBZG1pbiBBZG1pbiIsImVtYWlsIjoic3VwZXIuYWRtaW5AcmVsaWFuY2VobW8uY29tIn0.gSrs1tHhrsQD8URJ5Dbnr2QryRft9BEdmG7gUHny5eE1XfNJ8LfIJjExZPhdEdy8lctdceaZgphwq8PAlqBqtG2EF83V7LVf3HaJnSHsemE9rgFuy_sf0hFsbpBDaTCMcotVhznX6o33q9vV_Aa5K7-TCqmfQpZktJO_IH8XzzCdnL0kO1aAUKv9ia2oxAoI_hNl40eZzvZuEGujPKMen5qoRyWEPIMPMMBeVq3qE0Xv8B8FJLRhTFa3G__8osPBiKgidk4De4WNeaEyATNCJZRviIenMiv5YdlkkS8jYxmiXV1ZsXafwxKyGWo0QOYYKAEwVkZ5cxldPx0lh5UMvQ
				Accept=*/*
				Content-Type=application/json
Cookies:		<none>
Multiparts:		<none>
Body:
{
    "media": "SMS",
    "messageContent": {
        "contentType": "STATIC",
        "messageBody": "Test SMS",
        "subject": "Test Static"
    },
    "recipients": [
        "2348023359742",
        "2348023359742"
    ],
    "priority": "MEDIUM"
}
HTTP/1.1 500 Internal Server Error
content-encoding: gzip
expires: 0
cache-control: no-cache, no-store, max-age=0, must-revalidate
x-xss-protection: 1; mode=block
pragma: no-cache
x-frame-options: DENY
referrer-policy: strict-origin-when-cross-origin
content-security-policy: default-src 'self'; frame-src 'self' data:; script-src 'self' 'unsafe-inline' 'unsafe-eval' https://storage.googleapis.com; style-src 'self' 'unsafe-inline'; img-src 'self' data:; font-src 'self' data:
date: Sat, 06 Aug 2022 08:29:12 GMT
vary: Origin,Access-Control-Request-Method,Access-Control-Request-Headers
x-content-type-options: nosniff
strict-transport-security: max-age=31536000 ; includeSubDomains
feature-policy: geolocation 'none'; midi 'none'; sync-xhr 'none'; microphone 'none'; camera 'none'; magnetometer 'none'; gyroscope 'none'; fullscreen 'self'; payment 'none'
content-type: application/json
x-envoy-upstream-service-time: 152
server: istio-envoy
transfer-encoding: chunked

{
    "status": 500,
    "message": "{\"message\":\"Insufficient balance\"}",
    "data": null
}
**********Failed********************* Send_SMS_Template_Multiple_Numbers  Sat Aug 06 09:29:12 WAT 2022 **********Failed************* 
 

]]></system-out>
  </testcase>
  <testcase name="Send_SMS_Ubauthorized_User" classname="Notifiction_MS.Send_Static_SMS_Message" time="0">
    <skipped message="1 expectation failed.&#10;Expected content-type &quot;JSON&quot; doesn&apos;t match actual content-type &quot;text/plain&quot;.&#10;"/>
    <system-out><![CDATA[**************************************** Send_SMS_Ubauthorized_User Started  ************************************** 
Request method:	POST
Request URI:	https://staging.daara-services.reliancehmo.com/notificationservice/api/notifications
Proxy:			<none>
Request params:	<none>
Query params:	<none>
Form params:	<none>
Path params:	<none>
Headers:		token=Bad Token
				Accept=*/*
				Content-Type=application/json
Cookies:		<none>
Multiparts:		<none>
Body:
{
    "media": "SMS",
    "messageContent": {
        "contentType": "STATIC",
        "messageBody": "Test SMS",
        "subject": "Test Static"
    },
    "recipients": [
        "2348023359742",
        "2348023359742"
    ],
    "priority": "MEDIUM"
}
Request method:	POST
Request URI:	https://staging.daara-services.reliancehmo.com/notificationservice/api/notifications
Proxy:			<none>
Request params:	<none>
Query params:	<none>
Form params:	<none>
Path params:	<none>
Headers:		token=Bad Token
				Accept=*/*
				Content-Type=application/json
Cookies:		<none>
Multiparts:		<none>
Body:
{
    "media": "SMS",
    "messageContent": {
        "contentType": "STATIC",
        "messageBody": "Test SMS",
        "subject": "Test Static"
    },
    "recipients": [
        "2348023359742",
        "2348023359742"
    ],
    "priority": "MEDIUM"
}
HTTP/1.1 403 Forbidden
content-length: 19
content-type: text/plain
date: Sat, 06 Aug 2022 08:29:13 GMT
server: istio-envoy
x-envoy-upstream-service-time: 1

RBAC: access denied
***************************Skipped********************* Send_SMS_Ubauthorized_User  Sat Aug 06 09:29:13 WAT 2022 ********Skipped************ 


]]></system-out>
  </testcase>
  <testcase name="Send_SMS_Ubauthorized_User" classname="Notifiction_MS.Send_Static_SMS_Message" time="0.737">
    <failure message="1 expectation failed.&#10;Expected content-type &quot;JSON&quot; doesn&apos;t match actual content-type &quot;text/plain&quot;.&#10;" type="java.lang.AssertionError">java.lang.AssertionError: 
1 expectation failed.
Expected content-type "JSON" doesn't match actual content-type "text/plain".

	at Notifiction_MS.Send_Static_SMS_Message.Send_SMS_Ubauthorized_User(Send_Static_SMS_Message.java:70)
</failure>
    <system-out><![CDATA[**************************************** Send_SMS_Ubauthorized_User Started  ************************************** 
Request method:	POST
Request URI:	https://staging.daara-services.reliancehmo.com/notificationservice/api/notifications
Proxy:			<none>
Request params:	<none>
Query params:	<none>
Form params:	<none>
Path params:	<none>
Headers:		token=Bad Token
				Accept=*/*
				Content-Type=application/json
Cookies:		<none>
Multiparts:		<none>
Body:
{
    "media": "SMS",
    "messageContent": {
        "contentType": "STATIC",
        "messageBody": "Test SMS",
        "subject": "Test Static"
    },
    "recipients": [
        "2348023359742",
        "2348023359742"
    ],
    "priority": "MEDIUM"
}
Request method:	POST
Request URI:	https://staging.daara-services.reliancehmo.com/notificationservice/api/notifications
Proxy:			<none>
Request params:	<none>
Query params:	<none>
Form params:	<none>
Path params:	<none>
Headers:		token=Bad Token
				Accept=*/*
				Content-Type=application/json
Cookies:		<none>
Multiparts:		<none>
Body:
{
    "media": "SMS",
    "messageContent": {
        "contentType": "STATIC",
        "messageBody": "Test SMS",
        "subject": "Test Static"
    },
    "recipients": [
        "2348023359742",
        "2348023359742"
    ],
    "priority": "MEDIUM"
}
HTTP/1.1 403 Forbidden
content-length: 19
content-type: text/plain
date: Sat, 06 Aug 2022 08:29:14 GMT
server: istio-envoy
x-envoy-upstream-service-time: 1

RBAC: access denied
**********Failed********************* Send_SMS_Ubauthorized_User  Sat Aug 06 09:29:14 WAT 2022 **********Failed************* 
 

]]></system-out>
  </testcase>
  <testcase name="Send_SMS_Template_with_Incomplete_Payload" classname="Notifiction_MS.Send_Static_SMS_Message" time="1.819"/>
  <testcase name="Send_Dynamic_SMS_Template_Single_Number" classname="Notifiction_MS.Send_Dynamic_SMS" time="0">
    <skipped message="2 expectations failed.&#10;Expected status code &lt;200&gt; but was &lt;500&gt;.&#10;&#10;Expected status line &quot;HTTP/1.1 200 OK&quot; doesn&apos;t match actual status line &quot;HTTP/1.1 500 Internal Server Error&quot;.&#10;"/>
    <system-out><![CDATA[===== Invoked methods
    Send_Static_SMS_Message.Send_SMS_Template_Single_Number()[pri:1, instance:Notifiction_MS.Send_Static_SMS_Message@258d79be]
    Send_Static_SMS_Message.Send_SMS_Template_Multiple_Numbers()[pri:2, instance:Notifiction_MS.Send_Static_SMS_Message@258d79be]
    Send_Static_SMS_Message.Send_SMS_Ubauthorized_User()[pri:3, instance:Notifiction_MS.Send_Static_SMS_Message@258d79be]
    Send_Static_SMS_Message.Send_SMS_Template_with_Incomplete_Payload()[pri:4, instance:Notifiction_MS.Send_Static_SMS_Message@258d79be]
=====
PASSED: Send_SMS_Template_with_Incomplete_Payload
FAILED: Send_SMS_Template_Multiple_Numbers
java.lang.AssertionError: 2 expectations failed.
Expected status code <200> but was <500>.

Expected status line "HTTP/1.1 200 OK" doesn't match actual status line "HTTP/1.1 500 Internal Server Error".

	at java.base/jdk.internal.reflect.NativeConstructorAccessorImpl.newInstance0(Native Method)
	at java.base/jdk.internal.reflect.NativeConstructorAccessorImpl.newInstance(NativeConstructorAccessorImpl.java:77)
	at java.base/jdk.internal.reflect.DelegatingConstructorAccessorImpl.newInstance(DelegatingConstructorAccessorImpl.java:45)
	at java.base/java.lang.reflect.Constructor.newInstanceWithCaller(Constructor.java:499)
	at java.base/java.lang.reflect.Constructor.newInstance(Constructor.java:480)
	at org.codehaus.groovy.reflection.CachedConstructor.invoke(CachedConstructor.java:72)
	at org.codehaus.groovy.runtime.callsite.ConstructorSite$ConstructorSiteNoUnwrapNoCoerce.callConstructor(ConstructorSite.java:105)
	at org.codehaus.groovy.runtime.callsite.AbstractCallSite.callConstructor(AbstractCallSite.java:277)
	at io.restassured.internal.ResponseSpecificationImpl$HamcrestAssertionClosure.validate(ResponseSpecificationImpl.groovy:499)
	at io.restassured.internal.ResponseSpecificationImpl$HamcrestAssertionClosure$validate$1.call(Unknown Source)
	at io.restassured.internal.ResponseSpecificationImpl.validate(ResponseSpecificationImpl.groovy:93)
	at io.restassured.internal.ValidatableResponseOptionsImpl.spec(ValidatableResponseOptionsImpl.java:288)
	at io.restassured.internal.ValidatableResponseImpl.super$2$spec(ValidatableResponseImpl.groovy)
	at java.base/jdk.internal.reflect.NativeMethodAccessorImpl.invoke0(Native Method)
	at java.base/jdk.internal.reflect.NativeMethodAccessorImpl.invoke(NativeMethodAccessorImpl.java:77)
	at java.base/jdk.internal.reflect.DelegatingMethodAccessorImpl.invoke(DelegatingMethodAccessorImpl.java:43)
	at java.base/java.lang.reflect.Method.invoke(Method.java:568)
	at org.codehaus.groovy.reflection.CachedMethod.invoke(CachedMethod.java:107)
	at groovy.lang.MetaMethod.doMethodInvoke(MetaMethod.java:323)
	at groovy.lang.MetaClassImpl.invokeMethod(MetaClassImpl.java:1268)
	at org.codehaus.groovy.runtime.ScriptBytecodeAdapter.invokeMethodOnSuperN(ScriptBytecodeAdapter.java:144)
	at io.restassured.internal.ValidatableResponseImpl.spec(ValidatableResponseImpl.groovy:76)
	at io.restassured.internal.ValidatableResponseImpl.spec(ValidatableResponseImpl.groovy)
	at Notifiction_MS.Send_Static_SMS_Message.Send_SMS_Template_Multiple_Numbers(Send_Static_SMS_Message.java:50)
	at java.base/jdk.internal.reflect.NativeMethodAccessorImpl.invoke0(Native Method)
	at java.base/jdk.internal.reflect.NativeMethodAccessorImpl.invoke(NativeMethodAccessorImpl.java:77)
	at java.base/jdk.internal.reflect.DelegatingMethodAccessorImpl.invoke(DelegatingMethodAccessorImpl.java:43)
	at java.base/java.lang.reflect.Method.invoke(Method.java:568)
	at org.testng.internal.invokers.MethodInvocationHelper.invokeMethod(MethodInvocationHelper.java:135)
	at org.testng.internal.invokers.TestInvoker.invokeMethod(TestInvoker.java:673)
	at org.testng.internal.invokers.TestInvoker.retryFailed(TestInvoker.java:262)
	at org.testng.internal.invokers.MethodRunner.runInSequence(MethodRunner.java:62)
	at org.testng.internal.invokers.TestInvoker$MethodInvocationAgent.invoke(TestInvoker.java:945)
	at org.testng.internal.invokers.TestInvoker.invokeTestMethods(TestInvoker.java:193)
	at org.testng.internal.invokers.TestMethodWorker.invokeTestMethods(TestMethodWorker.java:146)
	at org.testng.internal.invokers.TestMethodWorker.run(TestMethodWorker.java:128)
	at java.base/java.util.ArrayList.forEach(ArrayList.java:1511)
	at org.testng.TestRunner.privateRun(TestRunner.java:808)
	at org.testng.TestRunner.run(TestRunner.java:603)
	at org.testng.SuiteRunner.runTest(SuiteRunner.java:429)
	at org.testng.SuiteRunner.runSequentially(SuiteRunner.java:423)
	at org.testng.SuiteRunner.privateRun(SuiteRunner.java:383)
	at org.testng.SuiteRunner.run(SuiteRunner.java:326)
	at org.testng.SuiteRunnerWorker.runSuite(SuiteRunnerWorker.java:52)
	at org.testng.SuiteRunnerWorker.run(SuiteRunnerWorker.java:95)
	at org.testng.TestNG.runSuitesSequentially(TestNG.java:1249)
	at org.testng.TestNG.runSuitesLocally(TestNG.java:1169)
	at org.testng.TestNG.runSuites(TestNG.java:1092)
	at org.testng.TestNG.run(TestNG.java:1060)
	at org.apache.maven.surefire.testng.TestNGExecutor.run(TestNGExecutor.java:281)
	at org.apache.maven.surefire.testng.TestNGXmlTestSuite.execute(TestNGXmlTestSuite.java:75)
	at org.apache.maven.surefire.testng.TestNGProvider.invoke(TestNGProvider.java:121)
	at org.apache.maven.surefire.booter.ForkedBooter.invokeProviderInSameClassLoader(ForkedBooter.java:290)
	at org.apache.maven.surefire.booter.ForkedBooter.runSuitesInProcess(ForkedBooter.java:242)
	at org.apache.maven.surefire.booter.ForkedBooter.main(ForkedBooter.java:121)

FAILED: Send_SMS_Ubauthorized_User
java.lang.AssertionError: 1 expectation failed.
Expected content-type "JSON" doesn't match actual content-type "text/plain".

	at java.base/jdk.internal.reflect.NativeConstructorAccessorImpl.newInstance0(Native Method)
	at java.base/jdk.internal.reflect.NativeConstructorAccessorImpl.newInstance(NativeConstructorAccessorImpl.java:77)
	at java.base/jdk.internal.reflect.DelegatingConstructorAccessorImpl.newInstance(DelegatingConstructorAccessorImpl.java:45)
	at java.base/java.lang.reflect.Constructor.newInstanceWithCaller(Constructor.java:499)
	at java.base/java.lang.reflect.Constructor.newInstance(Constructor.java:480)
	at org.codehaus.groovy.reflection.CachedConstructor.invoke(CachedConstructor.java:72)
	at org.codehaus.groovy.runtime.callsite.ConstructorSite$ConstructorSiteNoUnwrapNoCoerce.callConstructor(ConstructorSite.java:105)
	at org.codehaus.groovy.runtime.callsite.AbstractCallSite.callConstructor(AbstractCallSite.java:277)
	at io.restassured.internal.ResponseSpecificationImpl$HamcrestAssertionClosure.validate(ResponseSpecificationImpl.groovy:499)
	at io.restassured.internal.ResponseSpecificationImpl$HamcrestAssertionClosure$validate$1.call(Unknown Source)
	at io.restassured.internal.ResponseSpecificationImpl.validate(ResponseSpecificationImpl.groovy:93)
	at io.restassured.internal.ValidatableResponseOptionsImpl.spec(ValidatableResponseOptionsImpl.java:288)
	at io.restassured.internal.ValidatableResponseImpl.super$2$spec(ValidatableResponseImpl.groovy)
	at java.base/jdk.internal.reflect.NativeMethodAccessorImpl.invoke0(Native Method)
	at java.base/jdk.internal.reflect.NativeMethodAccessorImpl.invoke(NativeMethodAccessorImpl.java:77)
	at java.base/jdk.internal.reflect.DelegatingMethodAccessorImpl.invoke(DelegatingMethodAccessorImpl.java:43)
	at java.base/java.lang.reflect.Method.invoke(Method.java:568)
	at org.codehaus.groovy.reflection.CachedMethod.invoke(CachedMethod.java:107)
	at groovy.lang.MetaMethod.doMethodInvoke(MetaMethod.java:323)
	at groovy.lang.MetaClassImpl.invokeMethod(MetaClassImpl.java:1268)
	at org.codehaus.groovy.runtime.ScriptBytecodeAdapter.invokeMethodOnSuperN(ScriptBytecodeAdapter.java:144)
	at io.restassured.internal.ValidatableResponseImpl.spec(ValidatableResponseImpl.groovy:76)
	at io.restassured.internal.ValidatableResponseImpl.spec(ValidatableResponseImpl.groovy)
	at Notifiction_MS.Send_Static_SMS_Message.Send_SMS_Ubauthorized_User(Send_Static_SMS_Message.java:70)
	at java.base/jdk.internal.reflect.NativeMethodAccessorImpl.invoke0(Native Method)
	at java.base/jdk.internal.reflect.NativeMethodAccessorImpl.invoke(NativeMethodAccessorImpl.java:77)
	at java.base/jdk.internal.reflect.DelegatingMethodAccessorImpl.invoke(DelegatingMethodAccessorImpl.java:43)
	at java.base/java.lang.reflect.Method.invoke(Method.java:568)
	at org.testng.internal.invokers.MethodInvocationHelper.invokeMethod(MethodInvocationHelper.java:135)
	at org.testng.internal.invokers.TestInvoker.invokeMethod(TestInvoker.java:673)
	at org.testng.internal.invokers.TestInvoker.retryFailed(TestInvoker.java:262)
	at org.testng.internal.invokers.MethodRunner.runInSequence(MethodRunner.java:62)
	at org.testng.internal.invokers.TestInvoker$MethodInvocationAgent.invoke(TestInvoker.java:945)
	at org.testng.internal.invokers.TestInvoker.invokeTestMethods(TestInvoker.java:193)
	at org.testng.internal.invokers.TestMethodWorker.invokeTestMethods(TestMethodWorker.java:146)
	at org.testng.internal.invokers.TestMethodWorker.run(TestMethodWorker.java:128)
	at java.base/java.util.ArrayList.forEach(ArrayList.java:1511)
	at org.testng.TestRunner.privateRun(TestRunner.java:808)
	at org.testng.TestRunner.run(TestRunner.java:603)
	at org.testng.SuiteRunner.runTest(SuiteRunner.java:429)
	at org.testng.SuiteRunner.runSequentially(SuiteRunner.java:423)
	at org.testng.SuiteRunner.privateRun(SuiteRunner.java:383)
	at org.testng.SuiteRunner.run(SuiteRunner.java:326)
	at org.testng.SuiteRunnerWorker.runSuite(SuiteRunnerWorker.java:52)
	at org.testng.SuiteRunnerWorker.run(SuiteRunnerWorker.java:95)
	at org.testng.TestNG.runSuitesSequentially(TestNG.java:1249)
	at org.testng.TestNG.runSuitesLocally(TestNG.java:1169)
	at org.testng.TestNG.runSuites(TestNG.java:1092)
	at org.testng.TestNG.run(TestNG.java:1060)
	at org.apache.maven.surefire.testng.TestNGExecutor.run(TestNGExecutor.java:281)
	at org.apache.maven.surefire.testng.TestNGXmlTestSuite.execute(TestNGXmlTestSuite.java:75)
	at org.apache.maven.surefire.testng.TestNGProvider.invoke(TestNGProvider.java:121)
	at org.apache.maven.surefire.booter.ForkedBooter.invokeProviderInSameClassLoader(ForkedBooter.java:290)
	at org.apache.maven.surefire.booter.ForkedBooter.runSuitesInProcess(ForkedBooter.java:242)
	at org.apache.maven.surefire.booter.ForkedBooter.main(ForkedBooter.java:121)

FAILED: Send_SMS_Template_Single_Number
java.lang.AssertionError: 2 expectations failed.
Expected status code <200> but was <500>.

Expected status line "HTTP/1.1 200 OK" doesn't match actual status line "HTTP/1.1 500 Internal Server Error".

	at java.base/jdk.internal.reflect.NativeConstructorAccessorImpl.newInstance0(Native Method)
	at java.base/jdk.internal.reflect.NativeConstructorAccessorImpl.newInstance(NativeConstructorAccessorImpl.java:77)
	at java.base/jdk.internal.reflect.DelegatingConstructorAccessorImpl.newInstance(DelegatingConstructorAccessorImpl.java:45)
	at java.base/java.lang.reflect.Constructor.newInstanceWithCaller(Constructor.java:499)
	at java.base/java.lang.reflect.Constructor.newInstance(Constructor.java:480)
	at org.codehaus.groovy.reflection.CachedConstructor.invoke(CachedConstructor.java:72)
	at org.codehaus.groovy.runtime.callsite.ConstructorSite$ConstructorSiteNoUnwrapNoCoerce.callConstructor(ConstructorSite.java:105)
	at org.codehaus.groovy.runtime.callsite.AbstractCallSite.callConstructor(AbstractCallSite.java:277)
	at io.restassured.internal.ResponseSpecificationImpl$HamcrestAssertionClosure.validate(ResponseSpecificationImpl.groovy:499)
	at io.restassured.internal.ResponseSpecificationImpl$HamcrestAssertionClosure$validate$1.call(Unknown Source)
	at io.restassured.internal.ResponseSpecificationImpl.validate(ResponseSpecificationImpl.groovy:93)
	at io.restassured.internal.ValidatableResponseOptionsImpl.spec(ValidatableResponseOptionsImpl.java:288)
	at io.restassured.internal.ValidatableResponseImpl.super$2$spec(ValidatableResponseImpl.groovy)
	at java.base/jdk.internal.reflect.NativeMethodAccessorImpl.invoke0(Native Method)
	at java.base/jdk.internal.reflect.NativeMethodAccessorImpl.invoke(NativeMethodAccessorImpl.java:77)
	at java.base/jdk.internal.reflect.DelegatingMethodAccessorImpl.invoke(DelegatingMethodAccessorImpl.java:43)
	at java.base/java.lang.reflect.Method.invoke(Method.java:568)
	at org.codehaus.groovy.reflection.CachedMethod.invoke(CachedMethod.java:107)
	at groovy.lang.MetaMethod.doMethodInvoke(MetaMethod.java:323)
	at groovy.lang.MetaClassImpl.invokeMethod(MetaClassImpl.java:1268)
	at org.codehaus.groovy.runtime.ScriptBytecodeAdapter.invokeMethodOnSuperN(ScriptBytecodeAdapter.java:144)
	at io.restassured.internal.ValidatableResponseImpl.spec(ValidatableResponseImpl.groovy:76)
	at io.restassured.internal.ValidatableResponseImpl.spec(ValidatableResponseImpl.groovy)
	at Notifiction_MS.Send_Static_SMS_Message.Send_SMS_Template_Single_Number(Send_Static_SMS_Message.java:30)
	at java.base/jdk.internal.reflect.NativeMethodAccessorImpl.invoke0(Native Method)
	at java.base/jdk.internal.reflect.NativeMethodAccessorImpl.invoke(NativeMethodAccessorImpl.java:77)
	at java.base/jdk.internal.reflect.DelegatingMethodAccessorImpl.invoke(DelegatingMethodAccessorImpl.java:43)
	at java.base/java.lang.reflect.Method.invoke(Method.java:568)
	at org.testng.internal.invokers.MethodInvocationHelper.invokeMethod(MethodInvocationHelper.java:135)
	at org.testng.internal.invokers.TestInvoker.invokeMethod(TestInvoker.java:673)
	at org.testng.internal.invokers.TestInvoker.retryFailed(TestInvoker.java:262)
	at org.testng.internal.invokers.MethodRunner.runInSequence(MethodRunner.java:62)
	at org.testng.internal.invokers.TestInvoker$MethodInvocationAgent.invoke(TestInvoker.java:945)
	at org.testng.internal.invokers.TestInvoker.invokeTestMethods(TestInvoker.java:193)
	at org.testng.internal.invokers.TestMethodWorker.invokeTestMethods(TestMethodWorker.java:146)
	at org.testng.internal.invokers.TestMethodWorker.run(TestMethodWorker.java:128)
	at java.base/java.util.ArrayList.forEach(ArrayList.java:1511)
	at org.testng.TestRunner.privateRun(TestRunner.java:808)
	at org.testng.TestRunner.run(TestRunner.java:603)
	at org.testng.SuiteRunner.runTest(SuiteRunner.java:429)
	at org.testng.SuiteRunner.runSequentially(SuiteRunner.java:423)
	at org.testng.SuiteRunner.privateRun(SuiteRunner.java:383)
	at org.testng.SuiteRunner.run(SuiteRunner.java:326)
	at org.testng.SuiteRunnerWorker.runSuite(SuiteRunnerWorker.java:52)
	at org.testng.SuiteRunnerWorker.run(SuiteRunnerWorker.java:95)
	at org.testng.TestNG.runSuitesSequentially(TestNG.java:1249)
	at org.testng.TestNG.runSuitesLocally(TestNG.java:1169)
	at org.testng.TestNG.runSuites(TestNG.java:1092)
	at org.testng.TestNG.run(TestNG.java:1060)
	at org.apache.maven.surefire.testng.TestNGExecutor.run(TestNGExecutor.java:281)
	at org.apache.maven.surefire.testng.TestNGXmlTestSuite.execute(TestNGXmlTestSuite.java:75)
	at org.apache.maven.surefire.testng.TestNGProvider.invoke(TestNGProvider.java:121)
	at org.apache.maven.surefire.booter.ForkedBooter.invokeProviderInSameClassLoader(ForkedBooter.java:290)
	at org.apache.maven.surefire.booter.ForkedBooter.runSuitesInProcess(ForkedBooter.java:242)
	at org.apache.maven.surefire.booter.ForkedBooter.main(ForkedBooter.java:121)

RETRIED: Send_SMS_Template_Multiple_Numbers
java.lang.AssertionError: 2 expectations failed.
Expected status code <200> but was <500>.

Expected status line "HTTP/1.1 200 OK" doesn't match actual status line "HTTP/1.1 500 Internal Server Error".

	at java.base/jdk.internal.reflect.NativeConstructorAccessorImpl.newInstance0(Native Method)
	at java.base/jdk.internal.reflect.NativeConstructorAccessorImpl.newInstance(NativeConstructorAccessorImpl.java:77)
	at java.base/jdk.internal.reflect.DelegatingConstructorAccessorImpl.newInstance(DelegatingConstructorAccessorImpl.java:45)
	at java.base/java.lang.reflect.Constructor.newInstanceWithCaller(Constructor.java:499)
	at java.base/java.lang.reflect.Constructor.newInstance(Constructor.java:480)
	at org.codehaus.groovy.reflection.CachedConstructor.invoke(CachedConstructor.java:72)
	at org.codehaus.groovy.runtime.callsite.ConstructorSite$ConstructorSiteNoUnwrapNoCoerce.callConstructor(ConstructorSite.java:105)
	at org.codehaus.groovy.runtime.callsite.AbstractCallSite.callConstructor(AbstractCallSite.java:277)
	at io.restassured.internal.ResponseSpecificationImpl$HamcrestAssertionClosure.validate(ResponseSpecificationImpl.groovy:499)
	at io.restassured.internal.ResponseSpecificationImpl$HamcrestAssertionClosure$validate$1.call(Unknown Source)
	at io.restassured.internal.ResponseSpecificationImpl.validate(ResponseSpecificationImpl.groovy:93)
	at io.restassured.internal.ValidatableResponseOptionsImpl.spec(ValidatableResponseOptionsImpl.java:288)
	at io.restassured.internal.ValidatableResponseImpl.super$2$spec(ValidatableResponseImpl.groovy)
	at java.base/jdk.internal.reflect.NativeMethodAccessorImpl.invoke0(Native Method)
	at java.base/jdk.internal.reflect.NativeMethodAccessorImpl.invoke(NativeMethodAccessorImpl.java:77)
	at java.base/jdk.internal.reflect.DelegatingMethodAccessorImpl.invoke(DelegatingMethodAccessorImpl.java:43)
	at java.base/java.lang.reflect.Method.invoke(Method.java:568)
	at org.codehaus.groovy.reflection.CachedMethod.invoke(CachedMethod.java:107)
	at groovy.lang.MetaMethod.doMethodInvoke(MetaMethod.java:323)
	at groovy.lang.MetaClassImpl.invokeMethod(MetaClassImpl.java:1268)
	at org.codehaus.groovy.runtime.ScriptBytecodeAdapter.invokeMethodOnSuperN(ScriptBytecodeAdapter.java:144)
	at io.restassured.internal.ValidatableResponseImpl.spec(ValidatableResponseImpl.groovy:76)
	at io.restassured.internal.ValidatableResponseImpl.spec(ValidatableResponseImpl.groovy)
	at Notifiction_MS.Send_Static_SMS_Message.Send_SMS_Template_Multiple_Numbers(Send_Static_SMS_Message.java:50)
	at java.base/jdk.internal.reflect.NativeMethodAccessorImpl.invoke0(Native Method)
	at java.base/jdk.internal.reflect.NativeMethodAccessorImpl.invoke(NativeMethodAccessorImpl.java:77)
	at java.base/jdk.internal.reflect.DelegatingMethodAccessorImpl.invoke(DelegatingMethodAccessorImpl.java:43)
	at java.base/java.lang.reflect.Method.invoke(Method.java:568)
	at org.testng.internal.invokers.MethodInvocationHelper.invokeMethod(MethodInvocationHelper.java:135)
	at org.testng.internal.invokers.TestInvoker.invokeMethod(TestInvoker.java:673)
	at org.testng.internal.invokers.TestInvoker.invokeTestMethod(TestInvoker.java:220)
	at org.testng.internal.invokers.MethodRunner.runInSequence(MethodRunner.java:50)
	at org.testng.internal.invokers.TestInvoker$MethodInvocationAgent.invoke(TestInvoker.java:945)
	at org.testng.internal.invokers.TestInvoker.invokeTestMethods(TestInvoker.java:193)
	at org.testng.internal.invokers.TestMethodWorker.invokeTestMethods(TestMethodWorker.java:146)
	at org.testng.internal.invokers.TestMethodWorker.run(TestMethodWorker.java:128)
	at java.base/java.util.ArrayList.forEach(ArrayList.java:1511)
	at org.testng.TestRunner.privateRun(TestRunner.java:808)
	at org.testng.TestRunner.run(TestRunner.java:603)
	at org.testng.SuiteRunner.runTest(SuiteRunner.java:429)
	at org.testng.SuiteRunner.runSequentially(SuiteRunner.java:423)
	at org.testng.SuiteRunner.privateRun(SuiteRunner.java:383)
	at org.testng.SuiteRunner.run(SuiteRunner.java:326)
	at org.testng.SuiteRunnerWorker.runSuite(SuiteRunnerWorker.java:52)
	at org.testng.SuiteRunnerWorker.run(SuiteRunnerWorker.java:95)
	at org.testng.TestNG.runSuitesSequentially(TestNG.java:1249)
	at org.testng.TestNG.runSuitesLocally(TestNG.java:1169)
	at org.testng.TestNG.runSuites(TestNG.java:1092)
	at org.testng.TestNG.run(TestNG.java:1060)
	at org.apache.maven.surefire.testng.TestNGExecutor.run(TestNGExecutor.java:281)
	at org.apache.maven.surefire.testng.TestNGXmlTestSuite.execute(TestNGXmlTestSuite.java:75)
	at org.apache.maven.surefire.testng.TestNGProvider.invoke(TestNGProvider.java:121)
	at org.apache.maven.surefire.booter.ForkedBooter.invokeProviderInSameClassLoader(ForkedBooter.java:290)
	at org.apache.maven.surefire.booter.ForkedBooter.runSuitesInProcess(ForkedBooter.java:242)
	at org.apache.maven.surefire.booter.ForkedBooter.main(ForkedBooter.java:121)

RETRIED: Send_SMS_Template_Single_Number
java.lang.AssertionError: 2 expectations failed.
Expected status code <200> but was <500>.

Expected status line "HTTP/1.1 200 OK" doesn't match actual status line "HTTP/1.1 500 Internal Server Error".

	at java.base/jdk.internal.reflect.NativeConstructorAccessorImpl.newInstance0(Native Method)
	at java.base/jdk.internal.reflect.NativeConstructorAccessorImpl.newInstance(NativeConstructorAccessorImpl.java:77)
	at java.base/jdk.internal.reflect.DelegatingConstructorAccessorImpl.newInstance(DelegatingConstructorAccessorImpl.java:45)
	at java.base/java.lang.reflect.Constructor.newInstanceWithCaller(Constructor.java:499)
	at java.base/java.lang.reflect.Constructor.newInstance(Constructor.java:480)
	at org.codehaus.groovy.reflection.CachedConstructor.invoke(CachedConstructor.java:72)
	at org.codehaus.groovy.runtime.callsite.ConstructorSite$ConstructorSiteNoUnwrapNoCoerce.callConstructor(ConstructorSite.java:105)
	at org.codehaus.groovy.runtime.callsite.AbstractCallSite.callConstructor(AbstractCallSite.java:277)
	at io.restassured.internal.ResponseSpecificationImpl$HamcrestAssertionClosure.validate(ResponseSpecificationImpl.groovy:499)
	at io.restassured.internal.ResponseSpecificationImpl$HamcrestAssertionClosure$validate$1.call(Unknown Source)
	at io.restassured.internal.ResponseSpecificationImpl.validate(ResponseSpecificationImpl.groovy:93)
	at io.restassured.internal.ValidatableResponseOptionsImpl.spec(ValidatableResponseOptionsImpl.java:288)
	at io.restassured.internal.ValidatableResponseImpl.super$2$spec(ValidatableResponseImpl.groovy)
	at java.base/jdk.internal.reflect.NativeMethodAccessorImpl.invoke0(Native Method)
	at java.base/jdk.internal.reflect.NativeMethodAccessorImpl.invoke(NativeMethodAccessorImpl.java:77)
	at java.base/jdk.internal.reflect.DelegatingMethodAccessorImpl.invoke(DelegatingMethodAccessorImpl.java:43)
	at java.base/java.lang.reflect.Method.invoke(Method.java:568)
	at org.codehaus.groovy.reflection.CachedMethod.invoke(CachedMethod.java:107)
	at groovy.lang.MetaMethod.doMethodInvoke(MetaMethod.java:323)
	at groovy.lang.MetaClassImpl.invokeMethod(MetaClassImpl.java:1268)
	at org.codehaus.groovy.runtime.ScriptBytecodeAdapter.invokeMethodOnSuperN(ScriptBytecodeAdapter.java:144)
	at io.restassured.internal.ValidatableResponseImpl.spec(ValidatableResponseImpl.groovy:76)
	at io.restassured.internal.ValidatableResponseImpl.spec(ValidatableResponseImpl.groovy)
	at Notifiction_MS.Send_Static_SMS_Message.Send_SMS_Template_Single_Number(Send_Static_SMS_Message.java:30)
	at java.base/jdk.internal.reflect.NativeMethodAccessorImpl.invoke0(Native Method)
	at java.base/jdk.internal.reflect.NativeMethodAccessorImpl.invoke(NativeMethodAccessorImpl.java:77)
	at java.base/jdk.internal.reflect.DelegatingMethodAccessorImpl.invoke(DelegatingMethodAccessorImpl.java:43)
	at java.base/java.lang.reflect.Method.invoke(Method.java:568)
	at org.testng.internal.invokers.MethodInvocationHelper.invokeMethod(MethodInvocationHelper.java:135)
	at org.testng.internal.invokers.TestInvoker.invokeMethod(TestInvoker.java:673)
	at org.testng.internal.invokers.TestInvoker.invokeTestMethod(TestInvoker.java:220)
	at org.testng.internal.invokers.MethodRunner.runInSequence(MethodRunner.java:50)
	at org.testng.internal.invokers.TestInvoker$MethodInvocationAgent.invoke(TestInvoker.java:945)
	at org.testng.internal.invokers.TestInvoker.invokeTestMethods(TestInvoker.java:193)
	at org.testng.internal.invokers.TestMethodWorker.invokeTestMethods(TestMethodWorker.java:146)
	at org.testng.internal.invokers.TestMethodWorker.run(TestMethodWorker.java:128)
	at java.base/java.util.ArrayList.forEach(ArrayList.java:1511)
	at org.testng.TestRunner.privateRun(TestRunner.java:808)
	at org.testng.TestRunner.run(TestRunner.java:603)
	at org.testng.SuiteRunner.runTest(SuiteRunner.java:429)
	at org.testng.SuiteRunner.runSequentially(SuiteRunner.java:423)
	at org.testng.SuiteRunner.privateRun(SuiteRunner.java:383)
	at org.testng.SuiteRunner.run(SuiteRunner.java:326)
	at org.testng.SuiteRunnerWorker.runSuite(SuiteRunnerWorker.java:52)
	at org.testng.SuiteRunnerWorker.run(SuiteRunnerWorker.java:95)
	at org.testng.TestNG.runSuitesSequentially(TestNG.java:1249)
	at org.testng.TestNG.runSuitesLocally(TestNG.java:1169)
	at org.testng.TestNG.runSuites(TestNG.java:1092)
	at org.testng.TestNG.run(TestNG.java:1060)
	at org.apache.maven.surefire.testng.TestNGExecutor.run(TestNGExecutor.java:281)
	at org.apache.maven.surefire.testng.TestNGXmlTestSuite.execute(TestNGXmlTestSuite.java:75)
	at org.apache.maven.surefire.testng.TestNGProvider.invoke(TestNGProvider.java:121)
	at org.apache.maven.surefire.booter.ForkedBooter.invokeProviderInSameClassLoader(ForkedBooter.java:290)
	at org.apache.maven.surefire.booter.ForkedBooter.runSuitesInProcess(ForkedBooter.java:242)
	at org.apache.maven.surefire.booter.ForkedBooter.main(ForkedBooter.java:121)

RETRIED: Send_SMS_Ubauthorized_User
java.lang.AssertionError: 1 expectation failed.
Expected content-type "JSON" doesn't match actual content-type "text/plain".

	at java.base/jdk.internal.reflect.NativeConstructorAccessorImpl.newInstance0(Native Method)
	at java.base/jdk.internal.reflect.NativeConstructorAccessorImpl.newInstance(NativeConstructorAccessorImpl.java:77)
	at java.base/jdk.internal.reflect.DelegatingConstructorAccessorImpl.newInstance(DelegatingConstructorAccessorImpl.java:45)
	at java.base/java.lang.reflect.Constructor.newInstanceWithCaller(Constructor.java:499)
	at java.base/java.lang.reflect.Constructor.newInstance(Constructor.java:480)
	at org.codehaus.groovy.reflection.CachedConstructor.invoke(CachedConstructor.java:72)
	at org.codehaus.groovy.runtime.callsite.ConstructorSite$ConstructorSiteNoUnwrapNoCoerce.callConstructor(ConstructorSite.java:105)
	at org.codehaus.groovy.runtime.callsite.AbstractCallSite.callConstructor(AbstractCallSite.java:277)
	at io.restassured.internal.ResponseSpecificationImpl$HamcrestAssertionClosure.validate(ResponseSpecificationImpl.groovy:499)
	at io.restassured.internal.ResponseSpecificationImpl$HamcrestAssertionClosure$validate$1.call(Unknown Source)
	at io.restassured.internal.ResponseSpecificationImpl.validate(ResponseSpecificationImpl.groovy:93)
	at io.restassured.internal.ValidatableResponseOptionsImpl.spec(ValidatableResponseOptionsImpl.java:288)
	at io.restassured.internal.ValidatableResponseImpl.super$2$spec(ValidatableResponseImpl.groovy)
	at java.base/jdk.internal.reflect.NativeMethodAccessorImpl.invoke0(Native Method)
	at java.base/jdk.internal.reflect.NativeMethodAccessorImpl.invoke(NativeMethodAccessorImpl.java:77)
	at java.base/jdk.internal.reflect.DelegatingMethodAccessorImpl.invoke(DelegatingMethodAccessorImpl.java:43)
	at java.base/java.lang.reflect.Method.invoke(Method.java:568)
	at org.codehaus.groovy.reflection.CachedMethod.invoke(CachedMethod.java:107)
	at groovy.lang.MetaMethod.doMethodInvoke(MetaMethod.java:323)
	at groovy.lang.MetaClassImpl.invokeMethod(MetaClassImpl.java:1268)
	at org.codehaus.groovy.runtime.ScriptBytecodeAdapter.invokeMethodOnSuperN(ScriptBytecodeAdapter.java:144)
	at io.restassured.internal.ValidatableResponseImpl.spec(ValidatableResponseImpl.groovy:76)
	at io.restassured.internal.ValidatableResponseImpl.spec(ValidatableResponseImpl.groovy)
	at Notifiction_MS.Send_Static_SMS_Message.Send_SMS_Ubauthorized_User(Send_Static_SMS_Message.java:70)
	at java.base/jdk.internal.reflect.NativeMethodAccessorImpl.invoke0(Native Method)
	at java.base/jdk.internal.reflect.NativeMethodAccessorImpl.invoke(NativeMethodAccessorImpl.java:77)
	at java.base/jdk.internal.reflect.DelegatingMethodAccessorImpl.invoke(DelegatingMethodAccessorImpl.java:43)
	at java.base/java.lang.reflect.Method.invoke(Method.java:568)
	at org.testng.internal.invokers.MethodInvocationHelper.invokeMethod(MethodInvocationHelper.java:135)
	at org.testng.internal.invokers.TestInvoker.invokeMethod(TestInvoker.java:673)
	at org.testng.internal.invokers.TestInvoker.invokeTestMethod(TestInvoker.java:220)
	at org.testng.internal.invokers.MethodRunner.runInSequence(MethodRunner.java:50)
	at org.testng.internal.invokers.TestInvoker$MethodInvocationAgent.invoke(TestInvoker.java:945)
	at org.testng.internal.invokers.TestInvoker.invokeTestMethods(TestInvoker.java:193)
	at org.testng.internal.invokers.TestMethodWorker.invokeTestMethods(TestMethodWorker.java:146)
	at org.testng.internal.invokers.TestMethodWorker.run(TestMethodWorker.java:128)
	at java.base/java.util.ArrayList.forEach(ArrayList.java:1511)
	at org.testng.TestRunner.privateRun(TestRunner.java:808)
	at org.testng.TestRunner.run(TestRunner.java:603)
	at org.testng.SuiteRunner.runTest(SuiteRunner.java:429)
	at org.testng.SuiteRunner.runSequentially(SuiteRunner.java:423)
	at org.testng.SuiteRunner.privateRun(SuiteRunner.java:383)
	at org.testng.SuiteRunner.run(SuiteRunner.java:326)
	at org.testng.SuiteRunnerWorker.runSuite(SuiteRunnerWorker.java:52)
	at org.testng.SuiteRunnerWorker.run(SuiteRunnerWorker.java:95)
	at org.testng.TestNG.runSuitesSequentially(TestNG.java:1249)
	at org.testng.TestNG.runSuitesLocally(TestNG.java:1169)
	at org.testng.TestNG.runSuites(TestNG.java:1092)
	at org.testng.TestNG.run(TestNG.java:1060)
	at org.apache.maven.surefire.testng.TestNGExecutor.run(TestNGExecutor.java:281)
	at org.apache.maven.surefire.testng.TestNGXmlTestSuite.execute(TestNGXmlTestSuite.java:75)
	at org.apache.maven.surefire.testng.TestNGProvider.invoke(TestNGProvider.java:121)
	at org.apache.maven.surefire.booter.ForkedBooter.invokeProviderInSameClassLoader(ForkedBooter.java:290)
	at org.apache.maven.surefire.booter.ForkedBooter.runSuitesInProcess(ForkedBooter.java:242)
	at org.apache.maven.surefire.booter.ForkedBooter.main(ForkedBooter.java:121)


===============================================
    Send Static SMS Template
    Tests run: 4, Failures: 3, Skips: 0, Retries: 3
===============================================

**************************************** Send_Dynamic_SMS_Template_Single_Number Started  ************************************** 
Request method:	POST
Request URI:	https://staging.daara-services.reliancehmo.com/notificationservice/api/notifications
Proxy:			<none>
Request params:	<none>
Query params:	<none>
Form params:	<none>
Path params:	<none>
Headers:		Authorization=Bearer eyJhbGciOiJSUzI1NiIsInR5cCIgOiAiSldUIiwia2lkIiA6ICI4MnBod29Ra3VuenB6dVRHaXZyb3BNcEVJdF93VlNYQW12bkg5cFNuUWlZIn0.eyJleHAiOjE2NTk3NzgxNTgsImlhdCI6MTY1OTc3NDU1OCwianRpIjoiODg4MTBmYjEtOGYxOS00Y2ZjLTlkZGEtODEyZGQwYzMxODU5IiwiaXNzIjoiaHR0cDovL2tleWNsb2FrLnRvb2xzLnN2Yy5jbHVzdGVyLmxvY2FsL2F1dGgvcmVhbG1zL2RhYXJhIiwic3ViIjoiZDdjNDlkZmItYmJjYi00OGJmLWI2NjctNGUxYWU0ZTRiMmM4IiwidHlwIjoiQmVhcmVyIiwiYXpwIjoiamhpcHN0ZXIiLCJzZXNzaW9uX3N0YXRlIjoiYzE5MGM1YWEtMzI4ZS00YTdiLWI2MDYtYmIzZThlZWE5MjU1IiwiYWNyIjoiMSIsInJlc291cmNlX2FjY2VzcyI6eyJhY2NvdW50Ijp7InJvbGVzIjpbIm1hbmFnZS1hY2NvdW50IiwibWFuYWdlLWFjY291bnQtbGlua3MiLCJ2aWV3LXByb2ZpbGUiXX19LCJzY29wZSI6InBob25lIGVtYWlsIHByb2ZpbGUiLCJlbWFpbF92ZXJpZmllZCI6ZmFsc2UsIm5hbWUiOiJTdXBlciBBZG1pbiBBZG1pbiIsImdyb3VwcyI6WyJDTEFJTVNfQU5BTFlUSUNTX0FTU09DSUFURSIsIkNVU1RPTUVSX1NVQ0NFU1NfTEVBRCIsIk1BUktVUF9ST0xFIiwiT0xEX0FDQ09VTlRfT1dORVIiLCJPTERfQUZGSUxJQVRFIiwiT0xEX0FHRU5UIiwiT0xEX1BBUlRORVJTSElQX0FHRU5UIiwiT0xEX1BST1ZJREVSX01FRElDQUxfRElSRUNUT1IiLCJPTERfU1VQRVJfQURNSU4iLCJSRkNfQURNSU4iLCJTVVBFUl9BRE1JTiJdLCJwaG9uZV9udW1iZXIiOiI3NzI3NTAxODQiLCJjcmVhdGVkX3RpbWVzdGFtcCI6MTYzNDE0MTc2NDM1OCwicHJlZmVycmVkX3VzZXJuYW1lIjoic3VwZXIuYWRtaW5AcmVsaWFuY2VobW8uY29tIiwiZ2l2ZW5fbmFtZSI6IlN1cGVyIiwiZmFtaWx5X25hbWUiOiJBZG1pbiBBZG1pbiIsImVtYWlsIjoic3VwZXIuYWRtaW5AcmVsaWFuY2VobW8uY29tIn0.I9VNgX5VevFsc1jMeTisBQ0v7rqhJ6pmJdf0tEoTnj4XrUZxTzE0s3hB1jOpgMkyCfhigMmbnqT4iVixhJ48ky1OeU2rIp3u1slU1k48o07GyhrHk3ywVRtTHymyIUu76FZcTtDSOcwD9Nhgv3Oz5bL1ZZCSKWb6qT9iCbMb3TchrrxC_7tjJelchVCgEkoOBq6CychWMIni8MNal-sz_1jRlIXBoQ5m8TqDtVmIl7mi_zanw6xvudZG9PUzAjTW0qqfJlptVDo72L14zrqBMSTi-YkuL-CgmLc-oJnTwH9u1fNglW1pNnEni7yJXjN63oFAc4yZJbxC3rhfe0eWuA
				Accept=*/*
				Content-Type=application/json
Cookies:		<none>
Multiparts:		<none>
Body:
{
    "from": "hello@reliancehmo.com",
    "media": "SMS",
    "messageContent": {
        "contentType": "DYNAMIC",
        "data": {
            "first_name": "TOSIN",
            "last_name": "Ogunkoyode"
        },
        "subject": "Tosin SMS",
        "template": "TEMPLATE NAME 19"
    },
    "recipients": [
        "2348023359742"
    ],
    "priority": "LOW"
}
HTTP/1.1 500 Internal Server Error
content-encoding: gzip
expires: 0
cache-control: no-cache, no-store, max-age=0, must-revalidate
x-xss-protection: 1; mode=block
pragma: no-cache
x-frame-options: DENY
referrer-policy: strict-origin-when-cross-origin
content-security-policy: default-src 'self'; frame-src 'self' data:; script-src 'self' 'unsafe-inline' 'unsafe-eval' https://storage.googleapis.com; style-src 'self' 'unsafe-inline'; img-src 'self' data:; font-src 'self' data:
date: Sat, 06 Aug 2022 08:29:19 GMT
vary: Origin,Access-Control-Request-Method,Access-Control-Request-Headers
x-content-type-options: nosniff
strict-transport-security: max-age=31536000 ; includeSubDomains
feature-policy: geolocation 'none'; midi 'none'; sync-xhr 'none'; microphone 'none'; camera 'none'; magnetometer 'none'; gyroscope 'none'; fullscreen 'self'; payment 'none'
content-type: application/json
x-envoy-upstream-service-time: 144
server: istio-envoy
transfer-encoding: chunked

{
    "status": 500,
    "message": "{\"message\":\"Insufficient balance\"}",
    "data": null
}
***************************Skipped********************* Send_Dynamic_SMS_Template_Single_Number  Sat Aug 06 09:29:19 WAT 2022 ********Skipped************ 


]]></system-out>
  </testcase>
  <testcase name="Send_Dynamic_SMS_Template_Single_Number" classname="Notifiction_MS.Send_Dynamic_SMS" time="1.993">
    <failure message="2 expectations failed.&#10;Expected status code &lt;200&gt; but was &lt;500&gt;.&#10;&#10;Expected status line &quot;HTTP/1.1 200 OK&quot; doesn&apos;t match actual status line &quot;HTTP/1.1 500 Internal Server Error&quot;.&#10;" type="java.lang.AssertionError"><![CDATA[java.lang.AssertionError: 
2 expectations failed.
Expected status code <200> but was <500>.

Expected status line "HTTP/1.1 200 OK" doesn't match actual status line "HTTP/1.1 500 Internal Server Error".

	at Notifiction_MS.Send_Dynamic_SMS.Send_Dynamic_SMS_Template_Single_Number(Send_Dynamic_SMS.java:30)
]]></failure>
    <system-out><![CDATA[**************************************** Send_Dynamic_SMS_Template_Single_Number Started  ************************************** 
Request method:	POST
Request URI:	https://staging.daara-services.reliancehmo.com/notificationservice/api/notifications
Proxy:			<none>
Request params:	<none>
Query params:	<none>
Form params:	<none>
Path params:	<none>
Headers:		Authorization=Bearer eyJhbGciOiJSUzI1NiIsInR5cCIgOiAiSldUIiwia2lkIiA6ICI4MnBod29Ra3VuenB6dVRHaXZyb3BNcEVJdF93VlNYQW12bkg5cFNuUWlZIn0.eyJleHAiOjE2NTk3NzgxNjEsImlhdCI6MTY1OTc3NDU2MCwianRpIjoiZjI2NjU3MWUtMzdiNi00YmIyLWI0NjMtYjU1NmZlNmQ4ODk5IiwiaXNzIjoiaHR0cDovL2tleWNsb2FrLnRvb2xzLnN2Yy5jbHVzdGVyLmxvY2FsL2F1dGgvcmVhbG1zL2RhYXJhIiwic3ViIjoiZDdjNDlkZmItYmJjYi00OGJmLWI2NjctNGUxYWU0ZTRiMmM4IiwidHlwIjoiQmVhcmVyIiwiYXpwIjoiamhpcHN0ZXIiLCJzZXNzaW9uX3N0YXRlIjoiOTExNWU3NDYtZTIxNi00YjZkLWI4YWItOWIxOGVjNjNiNGJhIiwiYWNyIjoiMSIsInJlc291cmNlX2FjY2VzcyI6eyJhY2NvdW50Ijp7InJvbGVzIjpbIm1hbmFnZS1hY2NvdW50IiwibWFuYWdlLWFjY291bnQtbGlua3MiLCJ2aWV3LXByb2ZpbGUiXX19LCJzY29wZSI6InBob25lIGVtYWlsIHByb2ZpbGUiLCJlbWFpbF92ZXJpZmllZCI6ZmFsc2UsIm5hbWUiOiJTdXBlciBBZG1pbiBBZG1pbiIsImdyb3VwcyI6WyJDTEFJTVNfQU5BTFlUSUNTX0FTU09DSUFURSIsIkNVU1RPTUVSX1NVQ0NFU1NfTEVBRCIsIk1BUktVUF9ST0xFIiwiT0xEX0FDQ09VTlRfT1dORVIiLCJPTERfQUZGSUxJQVRFIiwiT0xEX0FHRU5UIiwiT0xEX1BBUlRORVJTSElQX0FHRU5UIiwiT0xEX1BST1ZJREVSX01FRElDQUxfRElSRUNUT1IiLCJPTERfU1VQRVJfQURNSU4iLCJSRkNfQURNSU4iLCJTVVBFUl9BRE1JTiJdLCJwaG9uZV9udW1iZXIiOiI3NzI3NTAxODQiLCJjcmVhdGVkX3RpbWVzdGFtcCI6MTYzNDE0MTc2NDM1OCwicHJlZmVycmVkX3VzZXJuYW1lIjoic3VwZXIuYWRtaW5AcmVsaWFuY2VobW8uY29tIiwiZ2l2ZW5fbmFtZSI6IlN1cGVyIiwiZmFtaWx5X25hbWUiOiJBZG1pbiBBZG1pbiIsImVtYWlsIjoic3VwZXIuYWRtaW5AcmVsaWFuY2VobW8uY29tIn0.YZ1QQdFnLdBz2uQ5TjQfpxOYzGvPXm24Y2wnInQmRXHsJPZYOpFrc-wqvOhvt2iGFUiP1WLps6KDx5iilADfi9olYNugru_KvQ5oL9kpYwnpYuwtO_rS1b954IJNVN0sJibe8rUlr69npT1oqdH0izL5O-BOMsGuaRBIp3eRq8xjcks4hwuUPOdnxQKuUrjDoHD_jzIzaYDhPMh9A0kb4WYmgy1DGVbP6bvHMNNXXz4ssMaOb4VLPVuN4F92rVs_GOVPZuUsnXYjUrIEfzvG4SA4wqR4jl8vKyBSjTaZ9d5cxcJEy3QvE4VBIqH3OKKpcvZpTaKOUpkCOyxgQkY4vQ
				Accept=*/*
				Content-Type=application/json
Cookies:		<none>
Multiparts:		<none>
Body:
{
    "from": "hello@reliancehmo.com",
    "media": "SMS",
    "messageContent": {
        "contentType": "DYNAMIC",
        "data": {
            "first_name": "TOSIN",
            "last_name": "Ogunkoyode"
        },
        "subject": "Tosin SMS",
        "template": "TEMPLATE NAME 19"
    },
    "recipients": [
        "2348023359742"
    ],
    "priority": "LOW"
}
HTTP/1.1 500 Internal Server Error
content-encoding: gzip
expires: 0
cache-control: no-cache, no-store, max-age=0, must-revalidate
x-xss-protection: 1; mode=block
pragma: no-cache
x-frame-options: DENY
referrer-policy: strict-origin-when-cross-origin
content-security-policy: default-src 'self'; frame-src 'self' data:; script-src 'self' 'unsafe-inline' 'unsafe-eval' https://storage.googleapis.com; style-src 'self' 'unsafe-inline'; img-src 'self' data:; font-src 'self' data:
date: Sat, 06 Aug 2022 08:29:22 GMT
vary: Origin,Access-Control-Request-Method,Access-Control-Request-Headers
x-content-type-options: nosniff
strict-transport-security: max-age=31536000 ; includeSubDomains
feature-policy: geolocation 'none'; midi 'none'; sync-xhr 'none'; microphone 'none'; camera 'none'; magnetometer 'none'; gyroscope 'none'; fullscreen 'self'; payment 'none'
content-type: application/json
x-envoy-upstream-service-time: 142
server: istio-envoy
transfer-encoding: chunked

{
    "status": 500,
    "message": "{\"message\":\"Insufficient balance\"}",
    "data": null
}
**********Failed********************* Send_Dynamic_SMS_Template_Single_Number  Sat Aug 06 09:29:21 WAT 2022 **********Failed************* 
 

]]></system-out>
  </testcase>
  <testcase name="Send_Dynamic_SMS_Multiple_Numbers" classname="Notifiction_MS.Send_Dynamic_SMS" time="0">
    <skipped message="2 expectations failed.&#10;Expected status code &lt;200&gt; but was &lt;500&gt;.&#10;&#10;Expected status line &quot;HTTP/1.1 200 OK&quot; doesn&apos;t match actual status line &quot;HTTP/1.1 500 Internal Server Error&quot;.&#10;"/>
    <system-out><![CDATA[**************************************** Send_Dynamic_SMS_Multiple_Numbers Started  ************************************** 
Request method:	POST
Request URI:	https://staging.daara-services.reliancehmo.com/notificationservice/api/notifications
Proxy:			<none>
Request params:	<none>
Query params:	<none>
Form params:	<none>
Path params:	<none>
Headers:		Authorization=Bearer eyJhbGciOiJSUzI1NiIsInR5cCIgOiAiSldUIiwia2lkIiA6ICI4MnBod29Ra3VuenB6dVRHaXZyb3BNcEVJdF93VlNYQW12bkg5cFNuUWlZIn0.eyJleHAiOjE2NTk3NzgxNjMsImlhdCI6MTY1OTc3NDU2MywianRpIjoiZDllMjM3MzItYWU0My00YTM5LWE1MTUtYmMzMjRkZGQ1MjBlIiwiaXNzIjoiaHR0cDovL2tleWNsb2FrLnRvb2xzLnN2Yy5jbHVzdGVyLmxvY2FsL2F1dGgvcmVhbG1zL2RhYXJhIiwic3ViIjoiZDdjNDlkZmItYmJjYi00OGJmLWI2NjctNGUxYWU0ZTRiMmM4IiwidHlwIjoiQmVhcmVyIiwiYXpwIjoiamhpcHN0ZXIiLCJzZXNzaW9uX3N0YXRlIjoiOTgyMTU3NWUtODQ5My00ZjViLTg0MDMtMzZkM2JmNDgxYTgyIiwiYWNyIjoiMSIsInJlc291cmNlX2FjY2VzcyI6eyJhY2NvdW50Ijp7InJvbGVzIjpbIm1hbmFnZS1hY2NvdW50IiwibWFuYWdlLWFjY291bnQtbGlua3MiLCJ2aWV3LXByb2ZpbGUiXX19LCJzY29wZSI6InBob25lIGVtYWlsIHByb2ZpbGUiLCJlbWFpbF92ZXJpZmllZCI6ZmFsc2UsIm5hbWUiOiJTdXBlciBBZG1pbiBBZG1pbiIsImdyb3VwcyI6WyJDTEFJTVNfQU5BTFlUSUNTX0FTU09DSUFURSIsIkNVU1RPTUVSX1NVQ0NFU1NfTEVBRCIsIk1BUktVUF9ST0xFIiwiT0xEX0FDQ09VTlRfT1dORVIiLCJPTERfQUZGSUxJQVRFIiwiT0xEX0FHRU5UIiwiT0xEX1BBUlRORVJTSElQX0FHRU5UIiwiT0xEX1BST1ZJREVSX01FRElDQUxfRElSRUNUT1IiLCJPTERfU1VQRVJfQURNSU4iLCJSRkNfQURNSU4iLCJTVVBFUl9BRE1JTiJdLCJwaG9uZV9udW1iZXIiOiI3NzI3NTAxODQiLCJjcmVhdGVkX3RpbWVzdGFtcCI6MTYzNDE0MTc2NDM1OCwicHJlZmVycmVkX3VzZXJuYW1lIjoic3VwZXIuYWRtaW5AcmVsaWFuY2VobW8uY29tIiwiZ2l2ZW5fbmFtZSI6IlN1cGVyIiwiZmFtaWx5X25hbWUiOiJBZG1pbiBBZG1pbiIsImVtYWlsIjoic3VwZXIuYWRtaW5AcmVsaWFuY2VobW8uY29tIn0.Aisoev-cS7ThO4_gba7UkJV-BwPa803zTkWeBLo1ewPyNo2PQonRgnDU4BARMgssIc8ofZeGPQ6QHa77iPK6ZyDkTFriMVH10Nzzo--sWGLzjQa-n6tc9geMMCYmwHTmBCJegvGWirvp_lvt5h2NUjlJmmyjmSgorhCgnsTeHZS6HzYPDd7VlxHhzZiCdIyyArGBHtReX_1ggAyeydMnpG74N385JyjG5BG7NydPFaM9ZnUbuFXGTDqMWZPVcf9rQO8Mf0GdqAkhM2Hsf9kBK3zGU1KFWZ3G-LuJHj_R2S3LHS2_TjxqBT8Jz2FPigeop6ZMg7b2xOQPGCmpLqFLDQ
				Accept=*/*
				Content-Type=application/json
Cookies:		<none>
Multiparts:		<none>
Body:
{
    "from": "hello@reliancehmo.com",
    "media": "SMS",
    "messageContent": {
        "contentType": "DYNAMIC",
        "data": {
            "first_name": "TOSIN",
            "last_name": "Ogunkoyode"
        },
        "subject": "Tosin SMS",
        "template": "TEMPLATE NAME 19"
    },
    "recipients": [
        "2348023359742",
        "2348023359742"
    ],
    "priority": "LOW"
}
HTTP/1.1 500 Internal Server Error
content-encoding: gzip
expires: 0
cache-control: no-cache, no-store, max-age=0, must-revalidate
x-xss-protection: 1; mode=block
pragma: no-cache
x-frame-options: DENY
referrer-policy: strict-origin-when-cross-origin
content-security-policy: default-src 'self'; frame-src 'self' data:; script-src 'self' 'unsafe-inline' 'unsafe-eval' https://storage.googleapis.com; style-src 'self' 'unsafe-inline'; img-src 'self' data:; font-src 'self' data:
date: Sat, 06 Aug 2022 08:29:24 GMT
vary: Origin,Access-Control-Request-Method,Access-Control-Request-Headers
x-content-type-options: nosniff
strict-transport-security: max-age=31536000 ; includeSubDomains
feature-policy: geolocation 'none'; midi 'none'; sync-xhr 'none'; microphone 'none'; camera 'none'; magnetometer 'none'; gyroscope 'none'; fullscreen 'self'; payment 'none'
content-type: application/json
x-envoy-upstream-service-time: 162
server: istio-envoy
transfer-encoding: chunked

{
    "status": 500,
    "message": "{\"message\":\"Insufficient balance\"}",
    "data": null
}
***************************Skipped********************* Send_Dynamic_SMS_Multiple_Numbers  Sat Aug 06 09:29:24 WAT 2022 ********Skipped************ 


]]></system-out>
  </testcase>
  <testcase name="Send_Dynamic_SMS_Multiple_Numbers" classname="Notifiction_MS.Send_Dynamic_SMS" time="1.925">
    <failure message="2 expectations failed.&#10;Expected status code &lt;200&gt; but was &lt;500&gt;.&#10;&#10;Expected status line &quot;HTTP/1.1 200 OK&quot; doesn&apos;t match actual status line &quot;HTTP/1.1 500 Internal Server Error&quot;.&#10;" type="java.lang.AssertionError"><![CDATA[java.lang.AssertionError: 
2 expectations failed.
Expected status code <200> but was <500>.

Expected status line "HTTP/1.1 200 OK" doesn't match actual status line "HTTP/1.1 500 Internal Server Error".

	at Notifiction_MS.Send_Dynamic_SMS.Send_Dynamic_SMS_Multiple_Numbers(Send_Dynamic_SMS.java:50)
]]></failure>
    <system-out><![CDATA[**************************************** Send_Dynamic_SMS_Multiple_Numbers Started  ************************************** 
Request method:	POST
Request URI:	https://staging.daara-services.reliancehmo.com/notificationservice/api/notifications
Proxy:			<none>
Request params:	<none>
Query params:	<none>
Form params:	<none>
Path params:	<none>
Headers:		Authorization=Bearer eyJhbGciOiJSUzI1NiIsInR5cCIgOiAiSldUIiwia2lkIiA6ICI4MnBod29Ra3VuenB6dVRHaXZyb3BNcEVJdF93VlNYQW12bkg5cFNuUWlZIn0.eyJleHAiOjE2NTk3NzgxNjYsImlhdCI6MTY1OTc3NDU2NSwianRpIjoiMTNkOWQ4ZTQtYmRmNS00ODliLWFjM2MtYzQ1MDNjZWZiOWUwIiwiaXNzIjoiaHR0cDovL2tleWNsb2FrLnRvb2xzLnN2Yy5jbHVzdGVyLmxvY2FsL2F1dGgvcmVhbG1zL2RhYXJhIiwic3ViIjoiZDdjNDlkZmItYmJjYi00OGJmLWI2NjctNGUxYWU0ZTRiMmM4IiwidHlwIjoiQmVhcmVyIiwiYXpwIjoiamhpcHN0ZXIiLCJzZXNzaW9uX3N0YXRlIjoiM2UzMDhhMmMtOGVkNC00NTM4LWIzNGEtZmY2MWYxN2YxYTczIiwiYWNyIjoiMSIsInJlc291cmNlX2FjY2VzcyI6eyJhY2NvdW50Ijp7InJvbGVzIjpbIm1hbmFnZS1hY2NvdW50IiwibWFuYWdlLWFjY291bnQtbGlua3MiLCJ2aWV3LXByb2ZpbGUiXX19LCJzY29wZSI6InBob25lIGVtYWlsIHByb2ZpbGUiLCJlbWFpbF92ZXJpZmllZCI6ZmFsc2UsIm5hbWUiOiJTdXBlciBBZG1pbiBBZG1pbiIsImdyb3VwcyI6WyJDTEFJTVNfQU5BTFlUSUNTX0FTU09DSUFURSIsIkNVU1RPTUVSX1NVQ0NFU1NfTEVBRCIsIk1BUktVUF9ST0xFIiwiT0xEX0FDQ09VTlRfT1dORVIiLCJPTERfQUZGSUxJQVRFIiwiT0xEX0FHRU5UIiwiT0xEX1BBUlRORVJTSElQX0FHRU5UIiwiT0xEX1BST1ZJREVSX01FRElDQUxfRElSRUNUT1IiLCJPTERfU1VQRVJfQURNSU4iLCJSRkNfQURNSU4iLCJTVVBFUl9BRE1JTiJdLCJwaG9uZV9udW1iZXIiOiI3NzI3NTAxODQiLCJjcmVhdGVkX3RpbWVzdGFtcCI6MTYzNDE0MTc2NDM1OCwicHJlZmVycmVkX3VzZXJuYW1lIjoic3VwZXIuYWRtaW5AcmVsaWFuY2VobW8uY29tIiwiZ2l2ZW5fbmFtZSI6IlN1cGVyIiwiZmFtaWx5X25hbWUiOiJBZG1pbiBBZG1pbiIsImVtYWlsIjoic3VwZXIuYWRtaW5AcmVsaWFuY2VobW8uY29tIn0.fY8W7MR_qnTJ_-QpHTH92_jgQW-jr9USD8NoMtTAdxKBoH_e_IBs5nqMYlmMUj0mvuOvsu-qKGK82qdTo2SRwdaor6iQ2cB9RuLfmoD5ZhHn_sWUOldCU4ICTgWrj-ZT_06062oOwgnx1UFBHux7J_fycZj1qx_kBTkg1svhAcv-XwlY54Wn7Ql_kHvH3XavkGeGtZFZv8jO-KrgWboBfiiEVntmGvkr5Qed-112-GGkeOr0mcLjbxXinf3ofHaetW5iZDNhXgCzQo0yB3bBEHutJGKS_TQpbXbTySr0-WVCnUgJFOiVN5TvnpU3M2UTEdoq0nL_5I8iMSbDWZuCiA
				Accept=*/*
				Content-Type=application/json
Cookies:		<none>
Multiparts:		<none>
Body:
{
    "from": "hello@reliancehmo.com",
    "media": "SMS",
    "messageContent": {
        "contentType": "DYNAMIC",
        "data": {
            "first_name": "TOSIN",
            "last_name": "Ogunkoyode"
        },
        "subject": "Tosin SMS",
        "template": "TEMPLATE NAME 19"
    },
    "recipients": [
        "2348023359742",
        "2348023359742"
    ],
    "priority": "LOW"
}
HTTP/1.1 500 Internal Server Error
content-encoding: gzip
expires: 0
cache-control: no-cache, no-store, max-age=0, must-revalidate
x-xss-protection: 1; mode=block
pragma: no-cache
x-frame-options: DENY
referrer-policy: strict-origin-when-cross-origin
content-security-policy: default-src 'self'; frame-src 'self' data:; script-src 'self' 'unsafe-inline' 'unsafe-eval' https://storage.googleapis.com; style-src 'self' 'unsafe-inline'; img-src 'self' data:; font-src 'self' data:
date: Sat, 06 Aug 2022 08:29:27 GMT
vary: Origin,Access-Control-Request-Method,Access-Control-Request-Headers
x-content-type-options: nosniff
strict-transport-security: max-age=31536000 ; includeSubDomains
feature-policy: geolocation 'none'; midi 'none'; sync-xhr 'none'; microphone 'none'; camera 'none'; magnetometer 'none'; gyroscope 'none'; fullscreen 'self'; payment 'none'
content-type: application/json
x-envoy-upstream-service-time: 166
server: istio-envoy
transfer-encoding: chunked

{
    "status": 500,
    "message": "{\"message\":\"Insufficient balance\"}",
    "data": null
}
**********Failed********************* Send_Dynamic_SMS_Multiple_Numbers  Sat Aug 06 09:29:26 WAT 2022 **********Failed************* 
 

]]></system-out>
  </testcase>
  <testcase name="Update_SMS_Template" classname="Notifiction_MS.Update_SMS_Template" time="0">
    <skipped message="expected: &lt;200&gt; but was: &lt;success&gt;"/>
    <system-out><![CDATA[===== Invoked methods
    Send_Dynamic_SMS.Send_Dynamic_SMS_Template_Single_Number()[pri:1, instance:Notifiction_MS.Send_Dynamic_SMS@4f6f416f]
    Send_Dynamic_SMS.Send_Dynamic_SMS_Multiple_Numbers()[pri:2, instance:Notifiction_MS.Send_Dynamic_SMS@4f6f416f]
=====
FAILED: Send_Dynamic_SMS_Template_Single_Number
java.lang.AssertionError: 2 expectations failed.
Expected status code <200> but was <500>.

Expected status line "HTTP/1.1 200 OK" doesn't match actual status line "HTTP/1.1 500 Internal Server Error".

	at java.base/jdk.internal.reflect.NativeConstructorAccessorImpl.newInstance0(Native Method)
	at java.base/jdk.internal.reflect.NativeConstructorAccessorImpl.newInstance(NativeConstructorAccessorImpl.java:77)
	at java.base/jdk.internal.reflect.DelegatingConstructorAccessorImpl.newInstance(DelegatingConstructorAccessorImpl.java:45)
	at java.base/java.lang.reflect.Constructor.newInstanceWithCaller(Constructor.java:499)
	at java.base/java.lang.reflect.Constructor.newInstance(Constructor.java:480)
	at org.codehaus.groovy.reflection.CachedConstructor.invoke(CachedConstructor.java:72)
	at org.codehaus.groovy.runtime.callsite.ConstructorSite$ConstructorSiteNoUnwrapNoCoerce.callConstructor(ConstructorSite.java:105)
	at org.codehaus.groovy.runtime.callsite.AbstractCallSite.callConstructor(AbstractCallSite.java:277)
	at io.restassured.internal.ResponseSpecificationImpl$HamcrestAssertionClosure.validate(ResponseSpecificationImpl.groovy:499)
	at io.restassured.internal.ResponseSpecificationImpl$HamcrestAssertionClosure$validate$1.call(Unknown Source)
	at io.restassured.internal.ResponseSpecificationImpl.validate(ResponseSpecificationImpl.groovy:93)
	at io.restassured.internal.ValidatableResponseOptionsImpl.spec(ValidatableResponseOptionsImpl.java:288)
	at io.restassured.internal.ValidatableResponseImpl.super$2$spec(ValidatableResponseImpl.groovy)
	at jdk.internal.reflect.GeneratedMethodAccessor219.invoke(Unknown Source)
	at java.base/jdk.internal.reflect.DelegatingMethodAccessorImpl.invoke(DelegatingMethodAccessorImpl.java:43)
	at java.base/java.lang.reflect.Method.invoke(Method.java:568)
	at org.codehaus.groovy.reflection.CachedMethod.invoke(CachedMethod.java:107)
	at groovy.lang.MetaMethod.doMethodInvoke(MetaMethod.java:323)
	at groovy.lang.MetaClassImpl.invokeMethod(MetaClassImpl.java:1268)
	at org.codehaus.groovy.runtime.ScriptBytecodeAdapter.invokeMethodOnSuperN(ScriptBytecodeAdapter.java:144)
	at io.restassured.internal.ValidatableResponseImpl.spec(ValidatableResponseImpl.groovy:76)
	at io.restassured.internal.ValidatableResponseImpl.spec(ValidatableResponseImpl.groovy)
	at Notifiction_MS.Send_Dynamic_SMS.Send_Dynamic_SMS_Template_Single_Number(Send_Dynamic_SMS.java:30)
	at java.base/jdk.internal.reflect.NativeMethodAccessorImpl.invoke0(Native Method)
	at java.base/jdk.internal.reflect.NativeMethodAccessorImpl.invoke(NativeMethodAccessorImpl.java:77)
	at java.base/jdk.internal.reflect.DelegatingMethodAccessorImpl.invoke(DelegatingMethodAccessorImpl.java:43)
	at java.base/java.lang.reflect.Method.invoke(Method.java:568)
	at org.testng.internal.invokers.MethodInvocationHelper.invokeMethod(MethodInvocationHelper.java:135)
	at org.testng.internal.invokers.TestInvoker.invokeMethod(TestInvoker.java:673)
	at org.testng.internal.invokers.TestInvoker.retryFailed(TestInvoker.java:262)
	at org.testng.internal.invokers.MethodRunner.runInSequence(MethodRunner.java:62)
	at org.testng.internal.invokers.TestInvoker$MethodInvocationAgent.invoke(TestInvoker.java:945)
	at org.testng.internal.invokers.TestInvoker.invokeTestMethods(TestInvoker.java:193)
	at org.testng.internal.invokers.TestMethodWorker.invokeTestMethods(TestMethodWorker.java:146)
	at org.testng.internal.invokers.TestMethodWorker.run(TestMethodWorker.java:128)
	at java.base/java.util.ArrayList.forEach(ArrayList.java:1511)
	at org.testng.TestRunner.privateRun(TestRunner.java:808)
	at org.testng.TestRunner.run(TestRunner.java:603)
	at org.testng.SuiteRunner.runTest(SuiteRunner.java:429)
	at org.testng.SuiteRunner.runSequentially(SuiteRunner.java:423)
	at org.testng.SuiteRunner.privateRun(SuiteRunner.java:383)
	at org.testng.SuiteRunner.run(SuiteRunner.java:326)
	at org.testng.SuiteRunnerWorker.runSuite(SuiteRunnerWorker.java:52)
	at org.testng.SuiteRunnerWorker.run(SuiteRunnerWorker.java:95)
	at org.testng.TestNG.runSuitesSequentially(TestNG.java:1249)
	at org.testng.TestNG.runSuitesLocally(TestNG.java:1169)
	at org.testng.TestNG.runSuites(TestNG.java:1092)
	at org.testng.TestNG.run(TestNG.java:1060)
	at org.apache.maven.surefire.testng.TestNGExecutor.run(TestNGExecutor.java:281)
	at org.apache.maven.surefire.testng.TestNGXmlTestSuite.execute(TestNGXmlTestSuite.java:75)
	at org.apache.maven.surefire.testng.TestNGProvider.invoke(TestNGProvider.java:121)
	at org.apache.maven.surefire.booter.ForkedBooter.invokeProviderInSameClassLoader(ForkedBooter.java:290)
	at org.apache.maven.surefire.booter.ForkedBooter.runSuitesInProcess(ForkedBooter.java:242)
	at org.apache.maven.surefire.booter.ForkedBooter.main(ForkedBooter.java:121)

FAILED: Send_Dynamic_SMS_Multiple_Numbers
java.lang.AssertionError: 2 expectations failed.
Expected status code <200> but was <500>.

Expected status line "HTTP/1.1 200 OK" doesn't match actual status line "HTTP/1.1 500 Internal Server Error".

	at java.base/jdk.internal.reflect.NativeConstructorAccessorImpl.newInstance0(Native Method)
	at java.base/jdk.internal.reflect.NativeConstructorAccessorImpl.newInstance(NativeConstructorAccessorImpl.java:77)
	at java.base/jdk.internal.reflect.DelegatingConstructorAccessorImpl.newInstance(DelegatingConstructorAccessorImpl.java:45)
	at java.base/java.lang.reflect.Constructor.newInstanceWithCaller(Constructor.java:499)
	at java.base/java.lang.reflect.Constructor.newInstance(Constructor.java:480)
	at org.codehaus.groovy.reflection.CachedConstructor.invoke(CachedConstructor.java:72)
	at org.codehaus.groovy.runtime.callsite.ConstructorSite$ConstructorSiteNoUnwrapNoCoerce.callConstructor(ConstructorSite.java:105)
	at org.codehaus.groovy.runtime.callsite.AbstractCallSite.callConstructor(AbstractCallSite.java:277)
	at io.restassured.internal.ResponseSpecificationImpl$HamcrestAssertionClosure.validate(ResponseSpecificationImpl.groovy:499)
	at io.restassured.internal.ResponseSpecificationImpl$HamcrestAssertionClosure$validate$1.call(Unknown Source)
	at io.restassured.internal.ResponseSpecificationImpl.validate(ResponseSpecificationImpl.groovy:93)
	at io.restassured.internal.ValidatableResponseOptionsImpl.spec(ValidatableResponseOptionsImpl.java:288)
	at io.restassured.internal.ValidatableResponseImpl.super$2$spec(ValidatableResponseImpl.groovy)
	at jdk.internal.reflect.GeneratedMethodAccessor219.invoke(Unknown Source)
	at java.base/jdk.internal.reflect.DelegatingMethodAccessorImpl.invoke(DelegatingMethodAccessorImpl.java:43)
	at java.base/java.lang.reflect.Method.invoke(Method.java:568)
	at org.codehaus.groovy.reflection.CachedMethod.invoke(CachedMethod.java:107)
	at groovy.lang.MetaMethod.doMethodInvoke(MetaMethod.java:323)
	at groovy.lang.MetaClassImpl.invokeMethod(MetaClassImpl.java:1268)
	at org.codehaus.groovy.runtime.ScriptBytecodeAdapter.invokeMethodOnSuperN(ScriptBytecodeAdapter.java:144)
	at io.restassured.internal.ValidatableResponseImpl.spec(ValidatableResponseImpl.groovy:76)
	at io.restassured.internal.ValidatableResponseImpl.spec(ValidatableResponseImpl.groovy)
	at Notifiction_MS.Send_Dynamic_SMS.Send_Dynamic_SMS_Multiple_Numbers(Send_Dynamic_SMS.java:50)
	at java.base/jdk.internal.reflect.NativeMethodAccessorImpl.invoke0(Native Method)
	at java.base/jdk.internal.reflect.NativeMethodAccessorImpl.invoke(NativeMethodAccessorImpl.java:77)
	at java.base/jdk.internal.reflect.DelegatingMethodAccessorImpl.invoke(DelegatingMethodAccessorImpl.java:43)
	at java.base/java.lang.reflect.Method.invoke(Method.java:568)
	at org.testng.internal.invokers.MethodInvocationHelper.invokeMethod(MethodInvocationHelper.java:135)
	at org.testng.internal.invokers.TestInvoker.invokeMethod(TestInvoker.java:673)
	at org.testng.internal.invokers.TestInvoker.retryFailed(TestInvoker.java:262)
	at org.testng.internal.invokers.MethodRunner.runInSequence(MethodRunner.java:62)
	at org.testng.internal.invokers.TestInvoker$MethodInvocationAgent.invoke(TestInvoker.java:945)
	at org.testng.internal.invokers.TestInvoker.invokeTestMethods(TestInvoker.java:193)
	at org.testng.internal.invokers.TestMethodWorker.invokeTestMethods(TestMethodWorker.java:146)
	at org.testng.internal.invokers.TestMethodWorker.run(TestMethodWorker.java:128)
	at java.base/java.util.ArrayList.forEach(ArrayList.java:1511)
	at org.testng.TestRunner.privateRun(TestRunner.java:808)
	at org.testng.TestRunner.run(TestRunner.java:603)
	at org.testng.SuiteRunner.runTest(SuiteRunner.java:429)
	at org.testng.SuiteRunner.runSequentially(SuiteRunner.java:423)
	at org.testng.SuiteRunner.privateRun(SuiteRunner.java:383)
	at org.testng.SuiteRunner.run(SuiteRunner.java:326)
	at org.testng.SuiteRunnerWorker.runSuite(SuiteRunnerWorker.java:52)
	at org.testng.SuiteRunnerWorker.run(SuiteRunnerWorker.java:95)
	at org.testng.TestNG.runSuitesSequentially(TestNG.java:1249)
	at org.testng.TestNG.runSuitesLocally(TestNG.java:1169)
	at org.testng.TestNG.runSuites(TestNG.java:1092)
	at org.testng.TestNG.run(TestNG.java:1060)
	at org.apache.maven.surefire.testng.TestNGExecutor.run(TestNGExecutor.java:281)
	at org.apache.maven.surefire.testng.TestNGXmlTestSuite.execute(TestNGXmlTestSuite.java:75)
	at org.apache.maven.surefire.testng.TestNGProvider.invoke(TestNGProvider.java:121)
	at org.apache.maven.surefire.booter.ForkedBooter.invokeProviderInSameClassLoader(ForkedBooter.java:290)
	at org.apache.maven.surefire.booter.ForkedBooter.runSuitesInProcess(ForkedBooter.java:242)
	at org.apache.maven.surefire.booter.ForkedBooter.main(ForkedBooter.java:121)

RETRIED: Send_Dynamic_SMS_Template_Single_Number
java.lang.AssertionError: 2 expectations failed.
Expected status code <200> but was <500>.

Expected status line "HTTP/1.1 200 OK" doesn't match actual status line "HTTP/1.1 500 Internal Server Error".

	at java.base/jdk.internal.reflect.NativeConstructorAccessorImpl.newInstance0(Native Method)
	at java.base/jdk.internal.reflect.NativeConstructorAccessorImpl.newInstance(NativeConstructorAccessorImpl.java:77)
	at java.base/jdk.internal.reflect.DelegatingConstructorAccessorImpl.newInstance(DelegatingConstructorAccessorImpl.java:45)
	at java.base/java.lang.reflect.Constructor.newInstanceWithCaller(Constructor.java:499)
	at java.base/java.lang.reflect.Constructor.newInstance(Constructor.java:480)
	at org.codehaus.groovy.reflection.CachedConstructor.invoke(CachedConstructor.java:72)
	at org.codehaus.groovy.runtime.callsite.ConstructorSite$ConstructorSiteNoUnwrapNoCoerce.callConstructor(ConstructorSite.java:105)
	at org.codehaus.groovy.runtime.callsite.AbstractCallSite.callConstructor(AbstractCallSite.java:277)
	at io.restassured.internal.ResponseSpecificationImpl$HamcrestAssertionClosure.validate(ResponseSpecificationImpl.groovy:499)
	at io.restassured.internal.ResponseSpecificationImpl$HamcrestAssertionClosure$validate$1.call(Unknown Source)
	at io.restassured.internal.ResponseSpecificationImpl.validate(ResponseSpecificationImpl.groovy:93)
	at io.restassured.internal.ValidatableResponseOptionsImpl.spec(ValidatableResponseOptionsImpl.java:288)
	at io.restassured.internal.ValidatableResponseImpl.super$2$spec(ValidatableResponseImpl.groovy)
	at jdk.internal.reflect.GeneratedMethodAccessor219.invoke(Unknown Source)
	at java.base/jdk.internal.reflect.DelegatingMethodAccessorImpl.invoke(DelegatingMethodAccessorImpl.java:43)
	at java.base/java.lang.reflect.Method.invoke(Method.java:568)
	at org.codehaus.groovy.reflection.CachedMethod.invoke(CachedMethod.java:107)
	at groovy.lang.MetaMethod.doMethodInvoke(MetaMethod.java:323)
	at groovy.lang.MetaClassImpl.invokeMethod(MetaClassImpl.java:1268)
	at org.codehaus.groovy.runtime.ScriptBytecodeAdapter.invokeMethodOnSuperN(ScriptBytecodeAdapter.java:144)
	at io.restassured.internal.ValidatableResponseImpl.spec(ValidatableResponseImpl.groovy:76)
	at io.restassured.internal.ValidatableResponseImpl.spec(ValidatableResponseImpl.groovy)
	at Notifiction_MS.Send_Dynamic_SMS.Send_Dynamic_SMS_Template_Single_Number(Send_Dynamic_SMS.java:30)
	at java.base/jdk.internal.reflect.NativeMethodAccessorImpl.invoke0(Native Method)
	at java.base/jdk.internal.reflect.NativeMethodAccessorImpl.invoke(NativeMethodAccessorImpl.java:77)
	at java.base/jdk.internal.reflect.DelegatingMethodAccessorImpl.invoke(DelegatingMethodAccessorImpl.java:43)
	at java.base/java.lang.reflect.Method.invoke(Method.java:568)
	at org.testng.internal.invokers.MethodInvocationHelper.invokeMethod(MethodInvocationHelper.java:135)
	at org.testng.internal.invokers.TestInvoker.invokeMethod(TestInvoker.java:673)
	at org.testng.internal.invokers.TestInvoker.invokeTestMethod(TestInvoker.java:220)
	at org.testng.internal.invokers.MethodRunner.runInSequence(MethodRunner.java:50)
	at org.testng.internal.invokers.TestInvoker$MethodInvocationAgent.invoke(TestInvoker.java:945)
	at org.testng.internal.invokers.TestInvoker.invokeTestMethods(TestInvoker.java:193)
	at org.testng.internal.invokers.TestMethodWorker.invokeTestMethods(TestMethodWorker.java:146)
	at org.testng.internal.invokers.TestMethodWorker.run(TestMethodWorker.java:128)
	at java.base/java.util.ArrayList.forEach(ArrayList.java:1511)
	at org.testng.TestRunner.privateRun(TestRunner.java:808)
	at org.testng.TestRunner.run(TestRunner.java:603)
	at org.testng.SuiteRunner.runTest(SuiteRunner.java:429)
	at org.testng.SuiteRunner.runSequentially(SuiteRunner.java:423)
	at org.testng.SuiteRunner.privateRun(SuiteRunner.java:383)
	at org.testng.SuiteRunner.run(SuiteRunner.java:326)
	at org.testng.SuiteRunnerWorker.runSuite(SuiteRunnerWorker.java:52)
	at org.testng.SuiteRunnerWorker.run(SuiteRunnerWorker.java:95)
	at org.testng.TestNG.runSuitesSequentially(TestNG.java:1249)
	at org.testng.TestNG.runSuitesLocally(TestNG.java:1169)
	at org.testng.TestNG.runSuites(TestNG.java:1092)
	at org.testng.TestNG.run(TestNG.java:1060)
	at org.apache.maven.surefire.testng.TestNGExecutor.run(TestNGExecutor.java:281)
	at org.apache.maven.surefire.testng.TestNGXmlTestSuite.execute(TestNGXmlTestSuite.java:75)
	at org.apache.maven.surefire.testng.TestNGProvider.invoke(TestNGProvider.java:121)
	at org.apache.maven.surefire.booter.ForkedBooter.invokeProviderInSameClassLoader(ForkedBooter.java:290)
	at org.apache.maven.surefire.booter.ForkedBooter.runSuitesInProcess(ForkedBooter.java:242)
	at org.apache.maven.surefire.booter.ForkedBooter.main(ForkedBooter.java:121)

RETRIED: Send_Dynamic_SMS_Multiple_Numbers
java.lang.AssertionError: 2 expectations failed.
Expected status code <200> but was <500>.

Expected status line "HTTP/1.1 200 OK" doesn't match actual status line "HTTP/1.1 500 Internal Server Error".

	at java.base/jdk.internal.reflect.NativeConstructorAccessorImpl.newInstance0(Native Method)
	at java.base/jdk.internal.reflect.NativeConstructorAccessorImpl.newInstance(NativeConstructorAccessorImpl.java:77)
	at java.base/jdk.internal.reflect.DelegatingConstructorAccessorImpl.newInstance(DelegatingConstructorAccessorImpl.java:45)
	at java.base/java.lang.reflect.Constructor.newInstanceWithCaller(Constructor.java:499)
	at java.base/java.lang.reflect.Constructor.newInstance(Constructor.java:480)
	at org.codehaus.groovy.reflection.CachedConstructor.invoke(CachedConstructor.java:72)
	at org.codehaus.groovy.runtime.callsite.ConstructorSite$ConstructorSiteNoUnwrapNoCoerce.callConstructor(ConstructorSite.java:105)
	at org.codehaus.groovy.runtime.callsite.AbstractCallSite.callConstructor(AbstractCallSite.java:277)
	at io.restassured.internal.ResponseSpecificationImpl$HamcrestAssertionClosure.validate(ResponseSpecificationImpl.groovy:499)
	at io.restassured.internal.ResponseSpecificationImpl$HamcrestAssertionClosure$validate$1.call(Unknown Source)
	at io.restassured.internal.ResponseSpecificationImpl.validate(ResponseSpecificationImpl.groovy:93)
	at io.restassured.internal.ValidatableResponseOptionsImpl.spec(ValidatableResponseOptionsImpl.java:288)
	at io.restassured.internal.ValidatableResponseImpl.super$2$spec(ValidatableResponseImpl.groovy)
	at jdk.internal.reflect.GeneratedMethodAccessor219.invoke(Unknown Source)
	at java.base/jdk.internal.reflect.DelegatingMethodAccessorImpl.invoke(DelegatingMethodAccessorImpl.java:43)
	at java.base/java.lang.reflect.Method.invoke(Method.java:568)
	at org.codehaus.groovy.reflection.CachedMethod.invoke(CachedMethod.java:107)
	at groovy.lang.MetaMethod.doMethodInvoke(MetaMethod.java:323)
	at groovy.lang.MetaClassImpl.invokeMethod(MetaClassImpl.java:1268)
	at org.codehaus.groovy.runtime.ScriptBytecodeAdapter.invokeMethodOnSuperN(ScriptBytecodeAdapter.java:144)
	at io.restassured.internal.ValidatableResponseImpl.spec(ValidatableResponseImpl.groovy:76)
	at io.restassured.internal.ValidatableResponseImpl.spec(ValidatableResponseImpl.groovy)
	at Notifiction_MS.Send_Dynamic_SMS.Send_Dynamic_SMS_Multiple_Numbers(Send_Dynamic_SMS.java:50)
	at java.base/jdk.internal.reflect.NativeMethodAccessorImpl.invoke0(Native Method)
	at java.base/jdk.internal.reflect.NativeMethodAccessorImpl.invoke(NativeMethodAccessorImpl.java:77)
	at java.base/jdk.internal.reflect.DelegatingMethodAccessorImpl.invoke(DelegatingMethodAccessorImpl.java:43)
	at java.base/java.lang.reflect.Method.invoke(Method.java:568)
	at org.testng.internal.invokers.MethodInvocationHelper.invokeMethod(MethodInvocationHelper.java:135)
	at org.testng.internal.invokers.TestInvoker.invokeMethod(TestInvoker.java:673)
	at org.testng.internal.invokers.TestInvoker.invokeTestMethod(TestInvoker.java:220)
	at org.testng.internal.invokers.MethodRunner.runInSequence(MethodRunner.java:50)
	at org.testng.internal.invokers.TestInvoker$MethodInvocationAgent.invoke(TestInvoker.java:945)
	at org.testng.internal.invokers.TestInvoker.invokeTestMethods(TestInvoker.java:193)
	at org.testng.internal.invokers.TestMethodWorker.invokeTestMethods(TestMethodWorker.java:146)
	at org.testng.internal.invokers.TestMethodWorker.run(TestMethodWorker.java:128)
	at java.base/java.util.ArrayList.forEach(ArrayList.java:1511)
	at org.testng.TestRunner.privateRun(TestRunner.java:808)
	at org.testng.TestRunner.run(TestRunner.java:603)
	at org.testng.SuiteRunner.runTest(SuiteRunner.java:429)
	at org.testng.SuiteRunner.runSequentially(SuiteRunner.java:423)
	at org.testng.SuiteRunner.privateRun(SuiteRunner.java:383)
	at org.testng.SuiteRunner.run(SuiteRunner.java:326)
	at org.testng.SuiteRunnerWorker.runSuite(SuiteRunnerWorker.java:52)
	at org.testng.SuiteRunnerWorker.run(SuiteRunnerWorker.java:95)
	at org.testng.TestNG.runSuitesSequentially(TestNG.java:1249)
	at org.testng.TestNG.runSuitesLocally(TestNG.java:1169)
	at org.testng.TestNG.runSuites(TestNG.java:1092)
	at org.testng.TestNG.run(TestNG.java:1060)
	at org.apache.maven.surefire.testng.TestNGExecutor.run(TestNGExecutor.java:281)
	at org.apache.maven.surefire.testng.TestNGXmlTestSuite.execute(TestNGXmlTestSuite.java:75)
	at org.apache.maven.surefire.testng.TestNGProvider.invoke(TestNGProvider.java:121)
	at org.apache.maven.surefire.booter.ForkedBooter.invokeProviderInSameClassLoader(ForkedBooter.java:290)
	at org.apache.maven.surefire.booter.ForkedBooter.runSuitesInProcess(ForkedBooter.java:242)
	at org.apache.maven.surefire.booter.ForkedBooter.main(ForkedBooter.java:121)


===============================================
    Send Dynamic SMS Template
    Tests run: 2, Failures: 2, Skips: 0, Retries: 2
===============================================

**************************************** Update_SMS_Template Started  ************************************** 
Request method:	PUT
Request URI:	https://staging.daara-services.reliancehmo.com/notificationservice/api/basic-templates
Proxy:			<none>
Request params:	<none>
Query params:	<none>
Form params:	<none>
Path params:	<none>
Headers:		Authorization=Bearer eyJhbGciOiJSUzI1NiIsInR5cCIgOiAiSldUIiwia2lkIiA6ICI4MnBod29Ra3VuenB6dVRHaXZyb3BNcEVJdF93VlNYQW12bkg5cFNuUWlZIn0.eyJleHAiOjE2NTk3NzgxNjgsImlhdCI6MTY1OTc3NDU2OCwianRpIjoiYjFiOTk5NDItOTFhNy00ZWZlLWFiMDQtZGQ1OTg0MjIzOTkxIiwiaXNzIjoiaHR0cDovL2tleWNsb2FrLnRvb2xzLnN2Yy5jbHVzdGVyLmxvY2FsL2F1dGgvcmVhbG1zL2RhYXJhIiwic3ViIjoiZDdjNDlkZmItYmJjYi00OGJmLWI2NjctNGUxYWU0ZTRiMmM4IiwidHlwIjoiQmVhcmVyIiwiYXpwIjoiamhpcHN0ZXIiLCJzZXNzaW9uX3N0YXRlIjoiOWUwODBiMWMtNzRkYy00ZTM0LWIzOGItNmVmN2U5MWVmZWQ4IiwiYWNyIjoiMSIsInJlc291cmNlX2FjY2VzcyI6eyJhY2NvdW50Ijp7InJvbGVzIjpbIm1hbmFnZS1hY2NvdW50IiwibWFuYWdlLWFjY291bnQtbGlua3MiLCJ2aWV3LXByb2ZpbGUiXX19LCJzY29wZSI6InBob25lIGVtYWlsIHByb2ZpbGUiLCJlbWFpbF92ZXJpZmllZCI6ZmFsc2UsIm5hbWUiOiJTdXBlciBBZG1pbiBBZG1pbiIsImdyb3VwcyI6WyJDTEFJTVNfQU5BTFlUSUNTX0FTU09DSUFURSIsIkNVU1RPTUVSX1NVQ0NFU1NfTEVBRCIsIk1BUktVUF9ST0xFIiwiT0xEX0FDQ09VTlRfT1dORVIiLCJPTERfQUZGSUxJQVRFIiwiT0xEX0FHRU5UIiwiT0xEX1BBUlRORVJTSElQX0FHRU5UIiwiT0xEX1BST1ZJREVSX01FRElDQUxfRElSRUNUT1IiLCJPTERfU1VQRVJfQURNSU4iLCJSRkNfQURNSU4iLCJTVVBFUl9BRE1JTiJdLCJwaG9uZV9udW1iZXIiOiI3NzI3NTAxODQiLCJjcmVhdGVkX3RpbWVzdGFtcCI6MTYzNDE0MTc2NDM1OCwicHJlZmVycmVkX3VzZXJuYW1lIjoic3VwZXIuYWRtaW5AcmVsaWFuY2VobW8uY29tIiwiZ2l2ZW5fbmFtZSI6IlN1cGVyIiwiZmFtaWx5X25hbWUiOiJBZG1pbiBBZG1pbiIsImVtYWlsIjoic3VwZXIuYWRtaW5AcmVsaWFuY2VobW8uY29tIn0.fKXd2joFiN6BeeUtVOkI00hS38EedewbLMwD5LRAYXJ1J3JEqc9RyZLjl2bsE-Old4zXA0S01R8n2JLHYKOCGyrYPNPuSRLq7NsIh-eRQTLFhGmzVsjLpuTTDcVF23DCl1Q_5JanvKFLyjsHWc-6ApGFO0dWjFpZk3sOvhQU3MjlqkgDLGrQZXTzJDXE_ykntWLesjf_4K2gXaxMP9jo-jmDNvjtnmPJubWYF0HDLnkQy1u1py73dk29-o5HXG4r-jsT8_ie9gg896hQvS82j0ZYc6h6XuM7crn8Zh4y-UZyybG1pHvm00GG9-S58dsdalBV67ddYNBqyVVeC8EYEw
				Accept=*/*
				Content-Type=application/json
Cookies:		<none>
Multiparts:		<none>
Body:
{
    "id": 5,
    "content": "Mrs. Milan Miller",
    "name": "Asoka"
}
HTTP/1.1 200 OK
content-encoding: gzip
expires: 0
cache-control: no-cache, no-store, max-age=0, must-revalidate
x-xss-protection: 1; mode=block
pragma: no-cache
x-frame-options: DENY
referrer-policy: strict-origin-when-cross-origin
content-security-policy: default-src 'self'; frame-src 'self' data:; script-src 'self' 'unsafe-inline' 'unsafe-eval' https://storage.googleapis.com; style-src 'self' 'unsafe-inline'; img-src 'self' data:; font-src 'self' data:
date: Sat, 06 Aug 2022 08:29:29 GMT
vary: Origin,Access-Control-Request-Method,Access-Control-Request-Headers
x-content-type-options: nosniff
strict-transport-security: max-age=31536000 ; includeSubDomains
feature-policy: geolocation 'none'; midi 'none'; sync-xhr 'none'; microphone 'none'; camera 'none'; magnetometer 'none'; gyroscope 'none'; fullscreen 'self'; payment 'none'
content-type: application/json
x-envoy-upstream-service-time: 14
server: istio-envoy
transfer-encoding: chunked

{
    "status": 200,
    "message": "Basic template update successfully",
    "data": {
        "id": 5,
        "content": "Mrs. Milan Miller",
        "name": "Asoka"
    }
}
***************************Skipped********************* Update_SMS_Template  Sat Aug 06 09:29:29 WAT 2022 ********Skipped************ 


]]></system-out>
  </testcase>
  <testcase name="Update_SMS_Template" classname="Notifiction_MS.Update_SMS_Template" time="1.928">
    <failure message="expected: &lt;200&gt; but was: &lt;success&gt;" type="org.opentest4j.AssertionFailedError"><![CDATA[org.opentest4j.AssertionFailedError: expected: <200> but was: <success>
	at Notifiction_MS.Update_SMS_Template.Update_SMS_Template(Update_SMS_Template.java:25)
]]></failure>
    <system-out><![CDATA[**************************************** Update_SMS_Template Started  ************************************** 
Request method:	PUT
Request URI:	https://staging.daara-services.reliancehmo.com/notificationservice/api/basic-templates
Proxy:			<none>
Request params:	<none>
Query params:	<none>
Form params:	<none>
Path params:	<none>
Headers:		Authorization=Bearer eyJhbGciOiJSUzI1NiIsInR5cCIgOiAiSldUIiwia2lkIiA6ICI4MnBod29Ra3VuenB6dVRHaXZyb3BNcEVJdF93VlNYQW12bkg5cFNuUWlZIn0.eyJleHAiOjE2NTk3NzgxNzEsImlhdCI6MTY1OTc3NDU3MCwianRpIjoiYWY4NjJlYTktNjkwYS00YzY2LThhMGQtNGY1ZGU3MDE1MjVjIiwiaXNzIjoiaHR0cDovL2tleWNsb2FrLnRvb2xzLnN2Yy5jbHVzdGVyLmxvY2FsL2F1dGgvcmVhbG1zL2RhYXJhIiwic3ViIjoiZDdjNDlkZmItYmJjYi00OGJmLWI2NjctNGUxYWU0ZTRiMmM4IiwidHlwIjoiQmVhcmVyIiwiYXpwIjoiamhpcHN0ZXIiLCJzZXNzaW9uX3N0YXRlIjoiMzU5NjI4N2QtNGYwMS00NTk0LWI3MmQtNzk4ZDIwNzdkODdhIiwiYWNyIjoiMSIsInJlc291cmNlX2FjY2VzcyI6eyJhY2NvdW50Ijp7InJvbGVzIjpbIm1hbmFnZS1hY2NvdW50IiwibWFuYWdlLWFjY291bnQtbGlua3MiLCJ2aWV3LXByb2ZpbGUiXX19LCJzY29wZSI6InBob25lIGVtYWlsIHByb2ZpbGUiLCJlbWFpbF92ZXJpZmllZCI6ZmFsc2UsIm5hbWUiOiJTdXBlciBBZG1pbiBBZG1pbiIsImdyb3VwcyI6WyJDTEFJTVNfQU5BTFlUSUNTX0FTU09DSUFURSIsIkNVU1RPTUVSX1NVQ0NFU1NfTEVBRCIsIk1BUktVUF9ST0xFIiwiT0xEX0FDQ09VTlRfT1dORVIiLCJPTERfQUZGSUxJQVRFIiwiT0xEX0FHRU5UIiwiT0xEX1BBUlRORVJTSElQX0FHRU5UIiwiT0xEX1BST1ZJREVSX01FRElDQUxfRElSRUNUT1IiLCJPTERfU1VQRVJfQURNSU4iLCJSRkNfQURNSU4iLCJTVVBFUl9BRE1JTiJdLCJwaG9uZV9udW1iZXIiOiI3NzI3NTAxODQiLCJjcmVhdGVkX3RpbWVzdGFtcCI6MTYzNDE0MTc2NDM1OCwicHJlZmVycmVkX3VzZXJuYW1lIjoic3VwZXIuYWRtaW5AcmVsaWFuY2VobW8uY29tIiwiZ2l2ZW5fbmFtZSI6IlN1cGVyIiwiZmFtaWx5X25hbWUiOiJBZG1pbiBBZG1pbiIsImVtYWlsIjoic3VwZXIuYWRtaW5AcmVsaWFuY2VobW8uY29tIn0.bMRttH476xZtkeVipKI43yPc6BaXB5xfk7GwOS9Rj7UzhxG2EL2fgnSrBNNUd00QBitKAEOxaxKdyhhfmLvj0pXDaCzKTKg1nL4LNBb4mwBzOpYaBrkCdjjG0G_LaT_d8kXRnd6iu7s55RaXWOU_-5smk2U0HMRFBcVriOk8XM1nESxUl8DGpDdxjTXVXVs1IFJpYTmOCn4BgS6MyzBUP23YJXAxtLAedWuvUQN0IzsPqVXSqHjK0HahiJrfcSNUcpt04JW5xBzMBSJTe9Bazj8yOTUAQm0zw_5n8TuJE7nWyghQn_FEGMR1fY8QgnBEf8Mhl3lXziXp0G8CfF5Mxw
				Accept=*/*
				Content-Type=application/json
Cookies:		<none>
Multiparts:		<none>
Body:
{
    "id": 5,
    "content": "Del Bernhard",
    "name": "Aerified"
}
HTTP/1.1 200 OK
content-encoding: gzip
expires: 0
cache-control: no-cache, no-store, max-age=0, must-revalidate
x-xss-protection: 1; mode=block
pragma: no-cache
x-frame-options: DENY
referrer-policy: strict-origin-when-cross-origin
content-security-policy: default-src 'self'; frame-src 'self' data:; script-src 'self' 'unsafe-inline' 'unsafe-eval' https://storage.googleapis.com; style-src 'self' 'unsafe-inline'; img-src 'self' data:; font-src 'self' data:
date: Sat, 06 Aug 2022 08:29:31 GMT
vary: Origin,Access-Control-Request-Method,Access-Control-Request-Headers
x-content-type-options: nosniff
strict-transport-security: max-age=31536000 ; includeSubDomains
feature-policy: geolocation 'none'; midi 'none'; sync-xhr 'none'; microphone 'none'; camera 'none'; magnetometer 'none'; gyroscope 'none'; fullscreen 'self'; payment 'none'
content-type: application/json
x-envoy-upstream-service-time: 15
server: istio-envoy
transfer-encoding: chunked

{
    "status": 200,
    "message": "Basic template update successfully",
    "data": {
        "id": 5,
        "content": "Del Bernhard",
        "name": "Aerified"
    }
}
**********Failed********************* Update_SMS_Template  Sat Aug 06 09:29:31 WAT 2022 **********Failed************* 
 

]]></system-out>
  </testcase>
  <testcase name="Delete_SMS_Template" classname="Notifiction_MS.Delete_SMS_Template" time="3.668"/>
  <testcase name="Delete_SMS_Template_with_Invalid_Template_ID" classname="Notifiction_MS.Delete_SMS_Template" time="2.274"/>
  <testcase name="Delete_SMS_Template_Unauthorized_User" classname="Notifiction_MS.Delete_SMS_Template" time="0">
    <skipped message="1 expectation failed.&#10;Expected content-type &quot;JSON&quot; doesn&apos;t match actual content-type &quot;text/plain&quot;.&#10;"/>
    <system-out><![CDATA[**************************************** Delete_SMS_Template_Unauthorized_User Started  ************************************** 
Request method:	DELETE
Request URI:	https://staging.daara-services.reliancehmo.com/notificationservice/api/basic-templates/8
Proxy:			<none>
Request params:	<none>
Query params:	<none>
Form params:	<none>
Path params:	<none>
Headers:		Authorization=bad token
				Accept=*/*
				Content-Type=application/json
Cookies:		<none>
Multiparts:		<none>
Body:			<none>
Request method:	DELETE
Request URI:	https://staging.daara-services.reliancehmo.com/notificationservice/api/basic-templates/8
Proxy:			<none>
Request params:	<none>
Query params:	<none>
Form params:	<none>
Path params:	<none>
Headers:		Authorization=bad token
				Accept=*/*
				Content-Type=application/json
Cookies:		<none>
Multiparts:		<none>
Body:			<none>
HTTP/1.1 403 Forbidden
content-length: 19
content-type: text/plain
date: Sat, 06 Aug 2022 08:29:39 GMT
server: istio-envoy
x-envoy-upstream-service-time: 2

RBAC: access denied
***************************Skipped********************* Delete_SMS_Template_Unauthorized_User  Sat Aug 06 09:29:40 WAT 2022 ********Skipped************ 


]]></system-out>
  </testcase>
  <testcase name="Delete_SMS_Template_Unauthorized_User" classname="Notifiction_MS.Delete_SMS_Template" time="0.725">
    <failure message="1 expectation failed.&#10;Expected content-type &quot;JSON&quot; doesn&apos;t match actual content-type &quot;text/plain&quot;.&#10;" type="java.lang.AssertionError">java.lang.AssertionError: 
1 expectation failed.
Expected content-type "JSON" doesn't match actual content-type "text/plain".

	at Notifiction_MS.Delete_SMS_Template.Delete_SMS_Template_Unauthorized_User(Delete_SMS_Template.java:67)
</failure>
    <system-out><![CDATA[**************************************** Delete_SMS_Template_Unauthorized_User Started  ************************************** 
Request method:	DELETE
Request URI:	https://staging.daara-services.reliancehmo.com/notificationservice/api/basic-templates/8
Proxy:			<none>
Request params:	<none>
Query params:	<none>
Form params:	<none>
Path params:	<none>
Headers:		Authorization=bad token
				Accept=*/*
				Content-Type=application/json
Cookies:		<none>
Multiparts:		<none>
Body:			<none>
Request method:	DELETE
Request URI:	https://staging.daara-services.reliancehmo.com/notificationservice/api/basic-templates/8
Proxy:			<none>
Request params:	<none>
Query params:	<none>
Form params:	<none>
Path params:	<none>
Headers:		Authorization=bad token
				Accept=*/*
				Content-Type=application/json
Cookies:		<none>
Multiparts:		<none>
Body:			<none>
HTTP/1.1 403 Forbidden
content-length: 19
content-type: text/plain
date: Sat, 06 Aug 2022 08:29:40 GMT
server: istio-envoy
x-envoy-upstream-service-time: 2

RBAC: access denied
**********Failed********************* Delete_SMS_Template_Unauthorized_User  Sat Aug 06 09:29:41 WAT 2022 **********Failed************* 
 

]]></system-out>
  </testcase>
</testsuite>